::1 - - [23/Dec/2021:00:40:39 +0000] "GET /api/user/currentuser HTTP/1.1" 401 38 "http://localhost:4200/" "Mozilla/5.0 (X11; Linux x86_64) AppleWebKit/537.36 (KHTML, like Gecko) Chrome/96.0.4664.93 Safari/537.36"
::1 - - [23/Dec/2021:00:40:39 +0000] "GET /api/user/isauth HTTP/1.1" 401 38 "http://localhost:4200/" "Mozilla/5.0 (X11; Linux x86_64) AppleWebKit/537.36 (KHTML, like Gecko) Chrome/96.0.4664.93 Safari/537.36"
::1 - - [23/Dec/2021:00:40:42 +0000] "OPTIONS /api/user/login HTTP/1.1" 200 20 "http://localhost:4200/" "Mozilla/5.0 (X11; Linux x86_64) AppleWebKit/537.36 (KHTML, like Gecko) Chrome/96.0.4664.93 Safari/537.36"
::1 - - [23/Dec/2021:00:40:42 +0000] "POST /api/user/login HTTP/1.1" 200 149 "http://localhost:4200/" "Mozilla/5.0 (X11; Linux x86_64) AppleWebKit/537.36 (KHTML, like Gecko) Chrome/96.0.4664.93 Safari/537.36"
::1 - - [23/Dec/2021:00:40:42 +0000] "GET /api/user/isauth HTTP/1.1" 304 - "http://localhost:4200/" "Mozilla/5.0 (X11; Linux x86_64) AppleWebKit/537.36 (KHTML, like Gecko) Chrome/96.0.4664.93 Safari/537.36"
::1 - - [23/Dec/2021:00:40:42 +0000] "GET /api/notif HTTP/1.1" 304 - "http://localhost:4200/" "Mozilla/5.0 (X11; Linux x86_64) AppleWebKit/537.36 (KHTML, like Gecko) Chrome/96.0.4664.93 Safari/537.36"
::1 - - [23/Dec/2021:00:40:42 +0000] "GET /api/post/2/0 HTTP/1.1" 304 - "http://localhost:4200/" "Mozilla/5.0 (X11; Linux x86_64) AppleWebKit/537.36 (KHTML, like Gecko) Chrome/96.0.4664.93 Safari/537.36"
::1 - - [23/Dec/2021:00:40:42 +0000] "GET /images/text5790_1639609251494.png HTTP/1.1" 304 - "http://localhost:4200/" "Mozilla/5.0 (X11; Linux x86_64) AppleWebKit/537.36 (KHTML, like Gecko) Chrome/96.0.4664.93 Safari/537.36"
::1 - - [23/Dec/2021:00:40:42 +0000] "GET /images/555_1639502673118.png HTTP/1.1" 200 18665 "http://localhost:4200/" "Mozilla/5.0 (X11; Linux x86_64) AppleWebKit/537.36 (KHTML, like Gecko) Chrome/96.0.4664.93 Safari/537.36"
::1 - - [23/Dec/2021:00:40:42 +0000] "GET /images/222_1639502195404.png HTTP/1.1" 200 55364 "http://localhost:4200/" "Mozilla/5.0 (X11; Linux x86_64) AppleWebKit/537.36 (KHTML, like Gecko) Chrome/96.0.4664.93 Safari/537.36"
::1 - - [23/Dec/2021:00:40:42 +0000] "GET /images/777777_1639502843555.png HTTP/1.1" 200 529309 "http://localhost:4200/" "Mozilla/5.0 (X11; Linux x86_64) AppleWebKit/537.36 (KHTML, like Gecko) Chrome/96.0.4664.93 Safari/537.36"
::1 - - [23/Dec/2021:00:40:42 +0000] "GET /images/333_1639502221004.png HTTP/1.1" 200 718956 "http://localhost:4200/" "Mozilla/5.0 (X11; Linux x86_64) AppleWebKit/537.36 (KHTML, like Gecko) Chrome/96.0.4664.93 Safari/537.36"
::1 - - [23/Dec/2021:00:40:47 +0000] "GET /api/post/2/2 HTTP/1.1" 304 - "http://localhost:4200/" "Mozilla/5.0 (X11; Linux x86_64) AppleWebKit/537.36 (KHTML, like Gecko) Chrome/96.0.4664.93 Safari/537.36"
::1 - - [23/Dec/2021:00:40:47 +0000] "GET /images/666_1639502127011.png HTTP/1.1" 200 20047 "http://localhost:4200/" "Mozilla/5.0 (X11; Linux x86_64) AppleWebKit/537.36 (KHTML, like Gecko) Chrome/96.0.4664.93 Safari/537.36"
::1 - - [23/Dec/2021:00:40:47 +0000] "GET /images/444_1639502057674.png HTTP/1.1" 200 132802 "http://localhost:4200/" "Mozilla/5.0 (X11; Linux x86_64) AppleWebKit/537.36 (KHTML, like Gecko) Chrome/96.0.4664.93 Safari/537.36"
::1 - - [23/Dec/2021:00:40:47 +0000] "GET /images/499D8D18-676E-42FA-84AB-2B883442BEFD_1639502101523.png HTTP/1.1" 200 431818 "http://localhost:4200/" "Mozilla/5.0 (X11; Linux x86_64) AppleWebKit/537.36 (KHTML, like Gecko) Chrome/96.0.4664.93 Safari/537.36"
::1 - - [23/Dec/2021:00:40:47 +0000] "GET /images/10_1639502156793.png HTTP/1.1" 200 672147 "http://localhost:4200/" "Mozilla/5.0 (X11; Linux x86_64) AppleWebKit/537.36 (KHTML, like Gecko) Chrome/96.0.4664.93 Safari/537.36"
::1 - - [23/Dec/2021:00:40:50 +0000] "GET /api/post/2/4 HTTP/1.1" 304 - "http://localhost:4200/" "Mozilla/5.0 (X11; Linux x86_64) AppleWebKit/537.36 (KHTML, like Gecko) Chrome/96.0.4664.93 Safari/537.36"
::1 - - [23/Dec/2021:00:40:50 +0000] "GET /images/7787_1639501711323.png HTTP/1.1" 200 21574 "http://localhost:4200/" "Mozilla/5.0 (X11; Linux x86_64) AppleWebKit/537.36 (KHTML, like Gecko) Chrome/96.0.4664.93 Safari/537.36"
::1 - - [23/Dec/2021:00:40:50 +0000] "GET /images/Walid_Photo_ID_1639577742040.png HTTP/1.1" 200 163098 "http://localhost:4200/" "Mozilla/5.0 (X11; Linux x86_64) AppleWebKit/537.36 (KHTML, like Gecko) Chrome/96.0.4664.93 Safari/537.36"
::1 - - [23/Dec/2021:00:40:50 +0000] "GET /images/Capture_d%E2%80%99%C3%A9cran_2021-12-14_17-37-30_1639501766668.png HTTP/1.1" 200 363911 "http://localhost:4200/" "Mozilla/5.0 (X11; Linux x86_64) AppleWebKit/537.36 (KHTML, like Gecko) Chrome/96.0.4664.93 Safari/537.36"
::1 - - [23/Dec/2021:00:40:50 +0000] "GET /images/11_1639502035579.png HTTP/1.1" 200 618144 "http://localhost:4200/" "Mozilla/5.0 (X11; Linux x86_64) AppleWebKit/537.36 (KHTML, like Gecko) Chrome/96.0.4664.93 Safari/537.36"
::1 - - [23/Dec/2021:00:41:04 +0000] "GET /api/post/2/6 HTTP/1.1" 200 12 "http://localhost:4200/" "Mozilla/5.0 (X11; Linux x86_64) AppleWebKit/537.36 (KHTML, like Gecko) Chrome/96.0.4664.93 Safari/537.36"
::1 - - [23/Dec/2021:00:41:23 +0000] "GET /api/user/logout HTTP/1.1" 304 - "http://localhost:4200/" "Mozilla/5.0 (X11; Linux x86_64) AppleWebKit/537.36 (KHTML, like Gecko) Chrome/96.0.4664.93 Safari/537.36"
::1 - - [23/Dec/2021:17:33:59 +0000] "GET /api/user/currentuser HTTP/1.1" 401 38 "http://localhost:4200/" "Mozilla/5.0 (X11; Linux x86_64) AppleWebKit/537.36 (KHTML, like Gecko) Chrome/96.0.4664.93 Safari/537.36"
::1 - - [23/Dec/2021:17:33:59 +0000] "GET /api/user/isauth HTTP/1.1" 401 38 "http://localhost:4200/" "Mozilla/5.0 (X11; Linux x86_64) AppleWebKit/537.36 (KHTML, like Gecko) Chrome/96.0.4664.93 Safari/537.36"
::1 - - [23/Dec/2021:17:36:48 +0000] "GET /api/user/currentuser HTTP/1.1" 401 38 "http://localhost:4200/" "Mozilla/5.0 (X11; Linux x86_64) AppleWebKit/537.36 (KHTML, like Gecko) Chrome/96.0.4664.93 Safari/537.36"
::1 - - [23/Dec/2021:17:36:56 +0000] "GET /api/user/currentuser HTTP/1.1" 401 38 "http://localhost:4200/" "Mozilla/5.0 (X11; Linux x86_64) AppleWebKit/537.36 (KHTML, like Gecko) Chrome/96.0.4664.93 Safari/537.36"
::1 - - [23/Dec/2021:23:06:30 +0000] "GET /api/user/currentuser HTTP/1.1" 401 38 "http://localhost:4200/" "Mozilla/5.0 (X11; Linux x86_64) AppleWebKit/537.36 (KHTML, like Gecko) Chrome/96.0.4664.93 Safari/537.36"
::1 - - [23/Dec/2021:23:06:30 +0000] "GET /api/user/isauth HTTP/1.1" 401 38 "http://localhost:4200/" "Mozilla/5.0 (X11; Linux x86_64) AppleWebKit/537.36 (KHTML, like Gecko) Chrome/96.0.4664.93 Safari/537.36"
::1 - - [23/Dec/2021:23:06:36 +0000] "OPTIONS /api/user/login HTTP/1.1" 200 20 "http://localhost:4200/" "Mozilla/5.0 (X11; Linux x86_64) AppleWebKit/537.36 (KHTML, like Gecko) Chrome/96.0.4664.93 Safari/537.36"
::1 - - [23/Dec/2021:23:06:36 +0000] "POST /api/user/login HTTP/1.1" 200 149 "http://localhost:4200/" "Mozilla/5.0 (X11; Linux x86_64) AppleWebKit/537.36 (KHTML, like Gecko) Chrome/96.0.4664.93 Safari/537.36"
::1 - - [23/Dec/2021:23:06:36 +0000] "GET /api/user/isauth HTTP/1.1" 304 - "http://localhost:4200/" "Mozilla/5.0 (X11; Linux x86_64) AppleWebKit/537.36 (KHTML, like Gecko) Chrome/96.0.4664.93 Safari/537.36"
::1 - - [23/Dec/2021:23:06:36 +0000] "GET /api/notif HTTP/1.1" 304 - "http://localhost:4200/" "Mozilla/5.0 (X11; Linux x86_64) AppleWebKit/537.36 (KHTML, like Gecko) Chrome/96.0.4664.93 Safari/537.36"
::1 - - [23/Dec/2021:23:06:36 +0000] "GET /api/post/2/0 HTTP/1.1" 304 - "http://localhost:4200/" "Mozilla/5.0 (X11; Linux x86_64) AppleWebKit/537.36 (KHTML, like Gecko) Chrome/96.0.4664.93 Safari/537.36"
::1 - - [23/Dec/2021:23:06:36 +0000] "GET /images/text5790_1639609251494.png HTTP/1.1" 304 - "http://localhost:4200/" "Mozilla/5.0 (X11; Linux x86_64) AppleWebKit/537.36 (KHTML, like Gecko) Chrome/96.0.4664.93 Safari/537.36"
::1 - - [23/Dec/2021:23:06:36 +0000] "GET /images/555_1639502673118.png HTTP/1.1" 304 - "http://localhost:4200/" "Mozilla/5.0 (X11; Linux x86_64) AppleWebKit/537.36 (KHTML, like Gecko) Chrome/96.0.4664.93 Safari/537.36"
::1 - - [23/Dec/2021:23:06:36 +0000] "GET /images/777777_1639502843555.png HTTP/1.1" 304 - "http://localhost:4200/" "Mozilla/5.0 (X11; Linux x86_64) AppleWebKit/537.36 (KHTML, like Gecko) Chrome/96.0.4664.93 Safari/537.36"
::1 - - [23/Dec/2021:23:06:36 +0000] "GET /images/222_1639502195404.png HTTP/1.1" 304 - "http://localhost:4200/" "Mozilla/5.0 (X11; Linux x86_64) AppleWebKit/537.36 (KHTML, like Gecko) Chrome/96.0.4664.93 Safari/537.36"
::1 - - [23/Dec/2021:23:06:36 +0000] "GET /images/333_1639502221004.png HTTP/1.1" 304 - "http://localhost:4200/" "Mozilla/5.0 (X11; Linux x86_64) AppleWebKit/537.36 (KHTML, like Gecko) Chrome/96.0.4664.93 Safari/537.36"
::1 - - [23/Dec/2021:23:06:47 +0000] "GET /api/user/isauth HTTP/1.1" 304 - "http://localhost:4200/" "Mozilla/5.0 (X11; Linux x86_64) AppleWebKit/537.36 (KHTML, like Gecko) Chrome/96.0.4664.93 Safari/537.36"
::1 - - [23/Dec/2021:23:06:47 +0000] "GET /api/user HTTP/1.1" 304 - "http://localhost:4200/" "Mozilla/5.0 (X11; Linux x86_64) AppleWebKit/537.36 (KHTML, like Gecko) Chrome/96.0.4664.93 Safari/537.36"
::1 - - [23/Dec/2021:23:06:47 +0000] "GET /images/888_1639501599053.png HTTP/1.1" 200 21993 "http://localhost:4200/" "Mozilla/5.0 (X11; Linux x86_64) AppleWebKit/537.36 (KHTML, like Gecko) Chrome/96.0.4664.93 Safari/537.36"
::1 - - [23/Dec/2021:23:06:47 +0000] "GET /images/666_1639502127011.png HTTP/1.1" 304 - "http://localhost:4200/" "Mozilla/5.0 (X11; Linux x86_64) AppleWebKit/537.36 (KHTML, like Gecko) Chrome/96.0.4664.93 Safari/537.36"
::1 - - [23/Dec/2021:23:06:47 +0000] "GET /images/Walid_Photo_ID_1639577742040.png HTTP/1.1" 304 - "http://localhost:4200/" "Mozilla/5.0 (X11; Linux x86_64) AppleWebKit/537.36 (KHTML, like Gecko) Chrome/96.0.4664.93 Safari/537.36"
::1 - - [23/Dec/2021:23:06:47 +0000] "GET /images/444_1639502057674.png HTTP/1.1" 304 - "http://localhost:4200/" "Mozilla/5.0 (X11; Linux x86_64) AppleWebKit/537.36 (KHTML, like Gecko) Chrome/96.0.4664.93 Safari/537.36"
::1 - - [23/Dec/2021:23:06:47 +0000] "GET /images/7787_1639501711323.png HTTP/1.1" 304 - "http://localhost:4200/" "Mozilla/5.0 (X11; Linux x86_64) AppleWebKit/537.36 (KHTML, like Gecko) Chrome/96.0.4664.93 Safari/537.36"
::1 - - [23/Dec/2021:23:06:47 +0000] "GET /images/Capture_d%E2%80%99%C3%A9cran_2021-12-14_21-42-17_1639514553515.png HTTP/1.1" 200 211389 "http://localhost:4200/" "Mozilla/5.0 (X11; Linux x86_64) AppleWebKit/537.36 (KHTML, like Gecko) Chrome/96.0.4664.93 Safari/537.36"
::1 - - [23/Dec/2021:23:06:51 +0000] "GET /api/user/logout HTTP/1.1" 304 - "http://localhost:4200/" "Mozilla/5.0 (X11; Linux x86_64) AppleWebKit/537.36 (KHTML, like Gecko) Chrome/96.0.4664.93 Safari/537.36"
::1 - - [23/Dec/2021:23:06:51 +0000] "GET /api/user/isauth HTTP/1.1" 401 38 "http://localhost:4200/" "Mozilla/5.0 (X11; Linux x86_64) AppleWebKit/537.36 (KHTML, like Gecko) Chrome/96.0.4664.93 Safari/537.36"
::1 - - [23/Dec/2021:23:09:49 +0000] "GET /api/user/currentuser HTTP/1.1" 401 38 "http://localhost:4200/" "Mozilla/5.0 (X11; Linux x86_64) AppleWebKit/537.36 (KHTML, like Gecko) Chrome/96.0.4664.93 Safari/537.36"
::1 - - [23/Dec/2021:23:09:49 +0000] "GET /api/user/isauth HTTP/1.1" 401 38 "http://localhost:4200/" "Mozilla/5.0 (X11; Linux x86_64) AppleWebKit/537.36 (KHTML, like Gecko) Chrome/96.0.4664.93 Safari/537.36"
::1 - - [23/Dec/2021:23:10:04 +0000] "OPTIONS /api/user/login HTTP/1.1" 200 20 "http://localhost:4200/" "Mozilla/5.0 (X11; Linux x86_64) AppleWebKit/537.36 (KHTML, like Gecko) Chrome/96.0.4664.93 Safari/537.36"
::1 - - [23/Dec/2021:23:10:04 +0000] "POST /api/user/login HTTP/1.1" 200 149 "http://localhost:4200/" "Mozilla/5.0 (X11; Linux x86_64) AppleWebKit/537.36 (KHTML, like Gecko) Chrome/96.0.4664.93 Safari/537.36"
::1 - - [23/Dec/2021:23:10:04 +0000] "GET /api/user/isauth HTTP/1.1" 304 - "http://localhost:4200/" "Mozilla/5.0 (X11; Linux x86_64) AppleWebKit/537.36 (KHTML, like Gecko) Chrome/96.0.4664.93 Safari/537.36"
::1 - - [23/Dec/2021:23:10:04 +0000] "GET /api/notif HTTP/1.1" 304 - "http://localhost:4200/" "Mozilla/5.0 (X11; Linux x86_64) AppleWebKit/537.36 (KHTML, like Gecko) Chrome/96.0.4664.93 Safari/537.36"
::1 - - [23/Dec/2021:23:10:04 +0000] "GET /api/post/2/0 HTTP/1.1" 304 - "http://localhost:4200/" "Mozilla/5.0 (X11; Linux x86_64) AppleWebKit/537.36 (KHTML, like Gecko) Chrome/96.0.4664.93 Safari/537.36"
::1 - - [23/Dec/2021:23:10:04 +0000] "GET /images/text5790_1639609251494.png HTTP/1.1" 304 - "http://localhost:4200/" "Mozilla/5.0 (X11; Linux x86_64) AppleWebKit/537.36 (KHTML, like Gecko) Chrome/96.0.4664.93 Safari/537.36"
::1 - - [23/Dec/2021:23:10:04 +0000] "GET /images/555_1639502673118.png HTTP/1.1" 304 - "http://localhost:4200/" "Mozilla/5.0 (X11; Linux x86_64) AppleWebKit/537.36 (KHTML, like Gecko) Chrome/96.0.4664.93 Safari/537.36"
::1 - - [23/Dec/2021:23:10:04 +0000] "GET /images/777777_1639502843555.png HTTP/1.1" 304 - "http://localhost:4200/" "Mozilla/5.0 (X11; Linux x86_64) AppleWebKit/537.36 (KHTML, like Gecko) Chrome/96.0.4664.93 Safari/537.36"
::1 - - [23/Dec/2021:23:10:04 +0000] "GET /images/222_1639502195404.png HTTP/1.1" 304 - "http://localhost:4200/" "Mozilla/5.0 (X11; Linux x86_64) AppleWebKit/537.36 (KHTML, like Gecko) Chrome/96.0.4664.93 Safari/537.36"
::1 - - [23/Dec/2021:23:10:04 +0000] "GET /images/333_1639502221004.png HTTP/1.1" 304 - "http://localhost:4200/" "Mozilla/5.0 (X11; Linux x86_64) AppleWebKit/537.36 (KHTML, like Gecko) Chrome/96.0.4664.93 Safari/537.36"
::1 - - [23/Dec/2021:23:11:59 +0000] "POST /api/post HTTP/1.1" 201 34 "http://localhost:4200/" "Mozilla/5.0 (X11; Linux x86_64) AppleWebKit/537.36 (KHTML, like Gecko) Chrome/96.0.4664.93 Safari/537.36"
::1 - - [23/Dec/2021:23:11:59 +0000] "GET /api/post/2/0 HTTP/1.1" 200 777 "http://localhost:4200/" "Mozilla/5.0 (X11; Linux x86_64) AppleWebKit/537.36 (KHTML, like Gecko) Chrome/96.0.4664.93 Safari/537.36"
::1 - - [23/Dec/2021:23:11:59 +0000] "GET /images/Capture_d%E2%80%99%C3%A9cran_2021-12-24_00-11-33_1640301119936.png HTTP/1.1" 200 117830 "http://localhost:4200/" "Mozilla/5.0 (X11; Linux x86_64) AppleWebKit/537.36 (KHTML, like Gecko) Chrome/96.0.4664.93 Safari/537.36"
::1 - - [23/Dec/2021:23:12:08 +0000] "GET /api/post/2/2 HTTP/1.1" 200 1105 "http://localhost:4200/" "Mozilla/5.0 (X11; Linux x86_64) AppleWebKit/537.36 (KHTML, like Gecko) Chrome/96.0.4664.93 Safari/537.36"
::1 - - [23/Dec/2021:23:12:08 +0000] "GET /images/222_1639502195404.png HTTP/1.1" 304 - "http://localhost:4200/" "Mozilla/5.0 (X11; Linux x86_64) AppleWebKit/537.36 (KHTML, like Gecko) Chrome/96.0.4664.93 Safari/537.36"
::1 - - [23/Dec/2021:23:12:08 +0000] "GET /images/333_1639502221004.png HTTP/1.1" 304 - "http://localhost:4200/" "Mozilla/5.0 (X11; Linux x86_64) AppleWebKit/537.36 (KHTML, like Gecko) Chrome/96.0.4664.93 Safari/537.36"
::1 - - [23/Dec/2021:23:12:08 +0000] "GET /images/666_1639502127011.png HTTP/1.1" 304 - "http://localhost:4200/" "Mozilla/5.0 (X11; Linux x86_64) AppleWebKit/537.36 (KHTML, like Gecko) Chrome/96.0.4664.93 Safari/537.36"
::1 - - [23/Dec/2021:23:12:08 +0000] "GET /images/10_1639502156793.png HTTP/1.1" 304 - "http://localhost:4200/" "Mozilla/5.0 (X11; Linux x86_64) AppleWebKit/537.36 (KHTML, like Gecko) Chrome/96.0.4664.93 Safari/537.36"
::1 - - [23/Dec/2021:23:12:13 +0000] "GET /api/user/logout HTTP/1.1" 304 - "http://localhost:4200/" "Mozilla/5.0 (X11; Linux x86_64) AppleWebKit/537.36 (KHTML, like Gecko) Chrome/96.0.4664.93 Safari/537.36"
::1 - - [24/Dec/2021:03:01:42 +0000] "GET /api/user/currentuser HTTP/1.1" 401 38 "http://localhost:4200/" "Mozilla/5.0 (X11; Linux x86_64) AppleWebKit/537.36 (KHTML, like Gecko) Chrome/96.0.4664.93 Safari/537.36"
::1 - - [24/Dec/2021:03:01:42 +0000] "GET /api/user/isauth HTTP/1.1" 401 38 "http://localhost:4200/" "Mozilla/5.0 (X11; Linux x86_64) AppleWebKit/537.36 (KHTML, like Gecko) Chrome/96.0.4664.93 Safari/537.36"
::1 - - [24/Dec/2021:03:01:47 +0000] "OPTIONS /api/user/login HTTP/1.1" 200 20 "http://localhost:4200/" "Mozilla/5.0 (X11; Linux x86_64) AppleWebKit/537.36 (KHTML, like Gecko) Chrome/96.0.4664.93 Safari/537.36"
::1 - - [24/Dec/2021:03:01:47 +0000] "POST /api/user/login HTTP/1.1" 200 149 "http://localhost:4200/" "Mozilla/5.0 (X11; Linux x86_64) AppleWebKit/537.36 (KHTML, like Gecko) Chrome/96.0.4664.93 Safari/537.36"
::1 - - [24/Dec/2021:03:01:47 +0000] "GET /api/user/isauth HTTP/1.1" 304 - "http://localhost:4200/" "Mozilla/5.0 (X11; Linux x86_64) AppleWebKit/537.36 (KHTML, like Gecko) Chrome/96.0.4664.93 Safari/537.36"
::1 - - [24/Dec/2021:03:01:47 +0000] "GET /api/notif HTTP/1.1" 304 - "http://localhost:4200/" "Mozilla/5.0 (X11; Linux x86_64) AppleWebKit/537.36 (KHTML, like Gecko) Chrome/96.0.4664.93 Safari/537.36"
::1 - - [24/Dec/2021:03:01:47 +0000] "GET /api/post/2/0 HTTP/1.1" 304 - "http://localhost:4200/" "Mozilla/5.0 (X11; Linux x86_64) AppleWebKit/537.36 (KHTML, like Gecko) Chrome/96.0.4664.93 Safari/537.36"
::1 - - [24/Dec/2021:03:01:47 +0000] "GET /images/text5790_1639609251494.png HTTP/1.1" 304 - "http://localhost:4200/" "Mozilla/5.0 (X11; Linux x86_64) AppleWebKit/537.36 (KHTML, like Gecko) Chrome/96.0.4664.93 Safari/537.36"
::1 - - [24/Dec/2021:03:01:47 +0000] "GET /images/555_1639502673118.png HTTP/1.1" 304 - "http://localhost:4200/" "Mozilla/5.0 (X11; Linux x86_64) AppleWebKit/537.36 (KHTML, like Gecko) Chrome/96.0.4664.93 Safari/537.36"
::1 - - [24/Dec/2021:03:01:47 +0000] "GET /images/Capture_d%E2%80%99%C3%A9cran_2021-12-24_00-11-33_1640301119936.png HTTP/1.1" 304 - "http://localhost:4200/" "Mozilla/5.0 (X11; Linux x86_64) AppleWebKit/537.36 (KHTML, like Gecko) Chrome/96.0.4664.93 Safari/537.36"
::1 - - [24/Dec/2021:03:01:47 +0000] "GET /images/777777_1639502843555.png HTTP/1.1" 304 - "http://localhost:4200/" "Mozilla/5.0 (X11; Linux x86_64) AppleWebKit/537.36 (KHTML, like Gecko) Chrome/96.0.4664.93 Safari/537.36"
::1 - - [24/Dec/2021:03:01:52 +0000] "GET /api/user/currentuser HTTP/1.1" 200 118 "http://localhost:4200/" "Mozilla/5.0 (X11; Linux x86_64) AppleWebKit/537.36 (KHTML, like Gecko) Chrome/96.0.4664.93 Safari/537.36"
::1 - - [24/Dec/2021:03:01:52 +0000] "GET /api/user/isauth HTTP/1.1" 304 - "http://localhost:4200/" "Mozilla/5.0 (X11; Linux x86_64) AppleWebKit/537.36 (KHTML, like Gecko) Chrome/96.0.4664.93 Safari/537.36"
::1 - - [24/Dec/2021:03:01:52 +0000] "GET /api/notif HTTP/1.1" 304 - "http://localhost:4200/" "Mozilla/5.0 (X11; Linux x86_64) AppleWebKit/537.36 (KHTML, like Gecko) Chrome/96.0.4664.93 Safari/537.36"
::1 - - [24/Dec/2021:03:01:52 +0000] "GET /api/post/2/0 HTTP/1.1" 304 - "http://localhost:4200/" "Mozilla/5.0 (X11; Linux x86_64) AppleWebKit/537.36 (KHTML, like Gecko) Chrome/96.0.4664.93 Safari/537.36"
::1 - - [24/Dec/2021:03:01:52 +0000] "GET /images/text5790_1639609251494.png HTTP/1.1" 304 - "http://localhost:4200/" "Mozilla/5.0 (X11; Linux x86_64) AppleWebKit/537.36 (KHTML, like Gecko) Chrome/96.0.4664.93 Safari/537.36"
::1 - - [24/Dec/2021:03:01:52 +0000] "GET /images/Capture_d%E2%80%99%C3%A9cran_2021-12-24_00-11-33_1640301119936.png HTTP/1.1" 304 - "http://localhost:4200/" "Mozilla/5.0 (X11; Linux x86_64) AppleWebKit/537.36 (KHTML, like Gecko) Chrome/96.0.4664.93 Safari/537.36"
::1 - - [24/Dec/2021:03:01:52 +0000] "GET /images/555_1639502673118.png HTTP/1.1" 304 - "http://localhost:4200/" "Mozilla/5.0 (X11; Linux x86_64) AppleWebKit/537.36 (KHTML, like Gecko) Chrome/96.0.4664.93 Safari/537.36"
::1 - - [24/Dec/2021:03:01:52 +0000] "GET /images/777777_1639502843555.png HTTP/1.1" 304 - "http://localhost:4200/" "Mozilla/5.0 (X11; Linux x86_64) AppleWebKit/537.36 (KHTML, like Gecko) Chrome/96.0.4664.93 Safari/537.36"
::1 - - [24/Dec/2021:03:02:04 +0000] "GET /api/user/isauth HTTP/1.1" 304 - "http://localhost:4200/" "Mozilla/5.0 (X11; Linux x86_64) AppleWebKit/537.36 (KHTML, like Gecko) Chrome/96.0.4664.93 Safari/537.36"
::1 - - [24/Dec/2021:03:02:04 +0000] "GET /api/user HTTP/1.1" 304 - "http://localhost:4200/" "Mozilla/5.0 (X11; Linux x86_64) AppleWebKit/537.36 (KHTML, like Gecko) Chrome/96.0.4664.93 Safari/537.36"
::1 - - [24/Dec/2021:03:02:04 +0000] "GET /images/888_1639501599053.png HTTP/1.1" 304 - "http://localhost:4200/" "Mozilla/5.0 (X11; Linux x86_64) AppleWebKit/537.36 (KHTML, like Gecko) Chrome/96.0.4664.93 Safari/537.36"
::1 - - [24/Dec/2021:03:02:04 +0000] "GET /images/222_1639502195404.png HTTP/1.1" 304 - "http://localhost:4200/" "Mozilla/5.0 (X11; Linux x86_64) AppleWebKit/537.36 (KHTML, like Gecko) Chrome/96.0.4664.93 Safari/537.36"
::1 - - [24/Dec/2021:03:02:04 +0000] "GET /images/666_1639502127011.png HTTP/1.1" 304 - "http://localhost:4200/" "Mozilla/5.0 (X11; Linux x86_64) AppleWebKit/537.36 (KHTML, like Gecko) Chrome/96.0.4664.93 Safari/537.36"
::1 - - [24/Dec/2021:03:02:04 +0000] "GET /images/Walid_Photo_ID_1639577742040.png HTTP/1.1" 304 - "http://localhost:4200/" "Mozilla/5.0 (X11; Linux x86_64) AppleWebKit/537.36 (KHTML, like Gecko) Chrome/96.0.4664.93 Safari/537.36"
::1 - - [24/Dec/2021:03:02:04 +0000] "GET /images/444_1639502057674.png HTTP/1.1" 304 - "http://localhost:4200/" "Mozilla/5.0 (X11; Linux x86_64) AppleWebKit/537.36 (KHTML, like Gecko) Chrome/96.0.4664.93 Safari/537.36"
::1 - - [24/Dec/2021:03:02:04 +0000] "GET /images/Capture_d%E2%80%99%C3%A9cran_2021-12-14_21-42-17_1639514553515.png HTTP/1.1" 304 - "http://localhost:4200/" "Mozilla/5.0 (X11; Linux x86_64) AppleWebKit/537.36 (KHTML, like Gecko) Chrome/96.0.4664.93 Safari/537.36"
::1 - - [24/Dec/2021:03:02:04 +0000] "GET /images/7787_1639501711323.png HTTP/1.1" 304 - "http://localhost:4200/" "Mozilla/5.0 (X11; Linux x86_64) AppleWebKit/537.36 (KHTML, like Gecko) Chrome/96.0.4664.93 Safari/537.36"
::1 - - [24/Dec/2021:03:02:07 +0000] "GET /api/user/isauth HTTP/1.1" 304 - "http://localhost:4200/" "Mozilla/5.0 (X11; Linux x86_64) AppleWebKit/537.36 (KHTML, like Gecko) Chrome/96.0.4664.93 Safari/537.36"
::1 - - [24/Dec/2021:03:02:07 +0000] "GET /api/notif HTTP/1.1" 304 - "http://localhost:4200/" "Mozilla/5.0 (X11; Linux x86_64) AppleWebKit/537.36 (KHTML, like Gecko) Chrome/96.0.4664.93 Safari/537.36"
::1 - - [24/Dec/2021:03:02:11 +0000] "GET /api/user/isauth HTTP/1.1" 304 - "http://localhost:4200/" "Mozilla/5.0 (X11; Linux x86_64) AppleWebKit/537.36 (KHTML, like Gecko) Chrome/96.0.4664.93 Safari/537.36"
::1 - - [24/Dec/2021:03:02:11 +0000] "GET /api/user/1 HTTP/1.1" 304 - "http://localhost:4200/" "Mozilla/5.0 (X11; Linux x86_64) AppleWebKit/537.36 (KHTML, like Gecko) Chrome/96.0.4664.93 Safari/537.36"
::1 - - [24/Dec/2021:03:02:11 +0000] "GET /api/user/1/posts HTTP/1.1" 200 430 "http://localhost:4200/" "Mozilla/5.0 (X11; Linux x86_64) AppleWebKit/537.36 (KHTML, like Gecko) Chrome/96.0.4664.93 Safari/537.36"
::1 - - [24/Dec/2021:03:02:17 +0000] "GET /api/user/logout HTTP/1.1" 304 - "http://localhost:4200/" "Mozilla/5.0 (X11; Linux x86_64) AppleWebKit/537.36 (KHTML, like Gecko) Chrome/96.0.4664.93 Safari/537.36"
::1 - - [24/Dec/2021:03:02:17 +0000] "GET /api/user/isauth HTTP/1.1" 401 38 "http://localhost:4200/" "Mozilla/5.0 (X11; Linux x86_64) AppleWebKit/537.36 (KHTML, like Gecko) Chrome/96.0.4664.93 Safari/537.36"
::1 - - [24/Dec/2021:03:05:09 +0000] "GET /api/user/currentuser HTTP/1.1" 401 38 "http://localhost:4200/" "Mozilla/5.0 (X11; Linux x86_64) AppleWebKit/537.36 (KHTML, like Gecko) Chrome/96.0.4664.93 Safari/537.36"
::1 - - [24/Dec/2021:03:05:09 +0000] "GET /api/user/isauth HTTP/1.1" 401 38 "http://localhost:4200/" "Mozilla/5.0 (X11; Linux x86_64) AppleWebKit/537.36 (KHTML, like Gecko) Chrome/96.0.4664.93 Safari/537.36"
::1 - - [24/Dec/2021:03:05:13 +0000] "OPTIONS /api/user/login HTTP/1.1" 200 20 "http://localhost:4200/" "Mozilla/5.0 (X11; Linux x86_64) AppleWebKit/537.36 (KHTML, like Gecko) Chrome/96.0.4664.93 Safari/537.36"
::1 - - [24/Dec/2021:03:05:13 +0000] "POST /api/user/login HTTP/1.1" 200 149 "http://localhost:4200/" "Mozilla/5.0 (X11; Linux x86_64) AppleWebKit/537.36 (KHTML, like Gecko) Chrome/96.0.4664.93 Safari/537.36"
::1 - - [24/Dec/2021:03:05:13 +0000] "GET /api/user/isauth HTTP/1.1" 304 - "http://localhost:4200/" "Mozilla/5.0 (X11; Linux x86_64) AppleWebKit/537.36 (KHTML, like Gecko) Chrome/96.0.4664.93 Safari/537.36"
::1 - - [24/Dec/2021:03:05:13 +0000] "GET /api/notif HTTP/1.1" 304 - "http://localhost:4200/" "Mozilla/5.0 (X11; Linux x86_64) AppleWebKit/537.36 (KHTML, like Gecko) Chrome/96.0.4664.93 Safari/537.36"
::1 - - [24/Dec/2021:03:05:13 +0000] "GET /api/post/2/0 HTTP/1.1" 304 - "http://localhost:4200/" "Mozilla/5.0 (X11; Linux x86_64) AppleWebKit/537.36 (KHTML, like Gecko) Chrome/96.0.4664.93 Safari/537.36"
::1 - - [24/Dec/2021:03:05:13 +0000] "GET /images/text5790_1639609251494.png HTTP/1.1" 304 - "http://localhost:4200/" "Mozilla/5.0 (X11; Linux x86_64) AppleWebKit/537.36 (KHTML, like Gecko) Chrome/96.0.4664.93 Safari/537.36"
::1 - - [24/Dec/2021:03:05:13 +0000] "GET /images/Capture_d%E2%80%99%C3%A9cran_2021-12-24_00-11-33_1640301119936.png HTTP/1.1" 304 - "http://localhost:4200/" "Mozilla/5.0 (X11; Linux x86_64) AppleWebKit/537.36 (KHTML, like Gecko) Chrome/96.0.4664.93 Safari/537.36"
::1 - - [24/Dec/2021:03:05:13 +0000] "GET /images/555_1639502673118.png HTTP/1.1" 304 - "http://localhost:4200/" "Mozilla/5.0 (X11; Linux x86_64) AppleWebKit/537.36 (KHTML, like Gecko) Chrome/96.0.4664.93 Safari/537.36"
::1 - - [24/Dec/2021:03:05:13 +0000] "GET /images/777777_1639502843555.png HTTP/1.1" 304 - "http://localhost:4200/" "Mozilla/5.0 (X11; Linux x86_64) AppleWebKit/537.36 (KHTML, like Gecko) Chrome/96.0.4664.93 Safari/537.36"
::1 - - [24/Dec/2021:03:05:26 +0000] "GET /api/user/currentuser HTTP/1.1" 304 - "http://localhost:4200/" "Mozilla/5.0 (X11; Linux x86_64) AppleWebKit/537.36 (KHTML, like Gecko) Chrome/96.0.4664.93 Safari/537.36"
::1 - - [24/Dec/2021:03:05:26 +0000] "GET /api/user/isauth HTTP/1.1" 304 - "http://localhost:4200/" "Mozilla/5.0 (X11; Linux x86_64) AppleWebKit/537.36 (KHTML, like Gecko) Chrome/96.0.4664.93 Safari/537.36"
::1 - - [24/Dec/2021:03:05:26 +0000] "GET /api/notif HTTP/1.1" 304 - "http://localhost:4200/" "Mozilla/5.0 (X11; Linux x86_64) AppleWebKit/537.36 (KHTML, like Gecko) Chrome/96.0.4664.93 Safari/537.36"
::1 - - [24/Dec/2021:03:05:26 +0000] "GET /api/user HTTP/1.1" 304 - "http://localhost:4200/" "Mozilla/5.0 (X11; Linux x86_64) AppleWebKit/537.36 (KHTML, like Gecko) Chrome/96.0.4664.93 Safari/537.36"
::1 - - [24/Dec/2021:03:05:26 +0000] "GET /images/text5790_1639609251494.png HTTP/1.1" 304 - "http://localhost:4200/" "Mozilla/5.0 (X11; Linux x86_64) AppleWebKit/537.36 (KHTML, like Gecko) Chrome/96.0.4664.93 Safari/537.36"
::1 - - [24/Dec/2021:03:05:26 +0000] "GET /images/555_1639502673118.png HTTP/1.1" 304 - "http://localhost:4200/" "Mozilla/5.0 (X11; Linux x86_64) AppleWebKit/537.36 (KHTML, like Gecko) Chrome/96.0.4664.93 Safari/537.36"
::1 - - [24/Dec/2021:03:05:26 +0000] "GET /images/888_1639501599053.png HTTP/1.1" 304 - "http://localhost:4200/" "Mozilla/5.0 (X11; Linux x86_64) AppleWebKit/537.36 (KHTML, like Gecko) Chrome/96.0.4664.93 Safari/537.36"
::1 - - [24/Dec/2021:03:05:26 +0000] "GET /images/222_1639502195404.png HTTP/1.1" 304 - "http://localhost:4200/" "Mozilla/5.0 (X11; Linux x86_64) AppleWebKit/537.36 (KHTML, like Gecko) Chrome/96.0.4664.93 Safari/537.36"
::1 - - [24/Dec/2021:03:05:26 +0000] "GET /images/666_1639502127011.png HTTP/1.1" 304 - "http://localhost:4200/" "Mozilla/5.0 (X11; Linux x86_64) AppleWebKit/537.36 (KHTML, like Gecko) Chrome/96.0.4664.93 Safari/537.36"
::1 - - [24/Dec/2021:03:05:26 +0000] "GET /images/Walid_Photo_ID_1639577742040.png HTTP/1.1" 304 - "http://localhost:4200/" "Mozilla/5.0 (X11; Linux x86_64) AppleWebKit/537.36 (KHTML, like Gecko) Chrome/96.0.4664.93 Safari/537.36"
::1 - - [24/Dec/2021:03:05:26 +0000] "GET /images/444_1639502057674.png HTTP/1.1" 304 - "http://localhost:4200/" "Mozilla/5.0 (X11; Linux x86_64) AppleWebKit/537.36 (KHTML, like Gecko) Chrome/96.0.4664.93 Safari/537.36"
::1 - - [24/Dec/2021:03:05:26 +0000] "GET /images/Capture_d%E2%80%99%C3%A9cran_2021-12-14_21-42-17_1639514553515.png HTTP/1.1" 304 - "http://localhost:4200/" "Mozilla/5.0 (X11; Linux x86_64) AppleWebKit/537.36 (KHTML, like Gecko) Chrome/96.0.4664.93 Safari/537.36"
::1 - - [24/Dec/2021:03:05:26 +0000] "GET /images/7787_1639501711323.png HTTP/1.1" 304 - "http://localhost:4200/" "Mozilla/5.0 (X11; Linux x86_64) AppleWebKit/537.36 (KHTML, like Gecko) Chrome/96.0.4664.93 Safari/537.36"
::1 - - [24/Dec/2021:03:05:29 +0000] "GET /api/user/currentuser HTTP/1.1" 304 - "http://localhost:4200/" "Mozilla/5.0 (X11; Linux x86_64) AppleWebKit/537.36 (KHTML, like Gecko) Chrome/96.0.4664.93 Safari/537.36"
::1 - - [24/Dec/2021:03:05:29 +0000] "GET /api/user/isauth HTTP/1.1" 304 - "http://localhost:4200/" "Mozilla/5.0 (X11; Linux x86_64) AppleWebKit/537.36 (KHTML, like Gecko) Chrome/96.0.4664.93 Safari/537.36"
::1 - - [24/Dec/2021:03:05:29 +0000] "GET /api/notif HTTP/1.1" 304 - "http://localhost:4200/" "Mozilla/5.0 (X11; Linux x86_64) AppleWebKit/537.36 (KHTML, like Gecko) Chrome/96.0.4664.93 Safari/537.36"
::1 - - [24/Dec/2021:03:05:29 +0000] "GET /api/notif HTTP/1.1" 304 - "http://localhost:4200/" "Mozilla/5.0 (X11; Linux x86_64) AppleWebKit/537.36 (KHTML, like Gecko) Chrome/96.0.4664.93 Safari/537.36"
::1 - - [24/Dec/2021:03:05:29 +0000] "GET /images/text5790_1639609251494.png HTTP/1.1" 304 - "http://localhost:4200/" "Mozilla/5.0 (X11; Linux x86_64) AppleWebKit/537.36 (KHTML, like Gecko) Chrome/96.0.4664.93 Safari/537.36"
::1 - - [24/Dec/2021:03:05:31 +0000] "GET /api/user/currentuser HTTP/1.1" 304 - "http://localhost:4200/" "Mozilla/5.0 (X11; Linux x86_64) AppleWebKit/537.36 (KHTML, like Gecko) Chrome/96.0.4664.93 Safari/537.36"
::1 - - [24/Dec/2021:03:05:31 +0000] "GET /api/user/isauth HTTP/1.1" 304 - "http://localhost:4200/" "Mozilla/5.0 (X11; Linux x86_64) AppleWebKit/537.36 (KHTML, like Gecko) Chrome/96.0.4664.93 Safari/537.36"
::1 - - [24/Dec/2021:03:05:31 +0000] "GET /api/notif HTTP/1.1" 304 - "http://localhost:4200/" "Mozilla/5.0 (X11; Linux x86_64) AppleWebKit/537.36 (KHTML, like Gecko) Chrome/96.0.4664.93 Safari/537.36"
::1 - - [24/Dec/2021:03:05:31 +0000] "GET /api/user/1 HTTP/1.1" 304 - "http://localhost:4200/" "Mozilla/5.0 (X11; Linux x86_64) AppleWebKit/537.36 (KHTML, like Gecko) Chrome/96.0.4664.93 Safari/537.36"
::1 - - [24/Dec/2021:03:05:31 +0000] "GET /api/user/1/posts HTTP/1.1" 304 - "http://localhost:4200/" "Mozilla/5.0 (X11; Linux x86_64) AppleWebKit/537.36 (KHTML, like Gecko) Chrome/96.0.4664.93 Safari/537.36"
::1 - - [24/Dec/2021:03:05:31 +0000] "GET /images/text5790_1639609251494.png HTTP/1.1" 304 - "http://localhost:4200/" "Mozilla/5.0 (X11; Linux x86_64) AppleWebKit/537.36 (KHTML, like Gecko) Chrome/96.0.4664.93 Safari/537.36"
::1 - - [24/Dec/2021:03:05:32 +0000] "GET /images/Capture_d%E2%80%99%C3%A9cran_2021-12-24_00-11-33_1640301119936.png HTTP/1.1" 304 - "http://localhost:4200/" "Mozilla/5.0 (X11; Linux x86_64) AppleWebKit/537.36 (KHTML, like Gecko) Chrome/96.0.4664.93 Safari/537.36"
::1 - - [24/Dec/2021:05:22:02 +0000] "GET /user HTTP/1.1" 404 143 "-" "Mozilla/5.0 (X11; Linux x86_64) AppleWebKit/537.36 (KHTML, like Gecko) Chrome/96.0.4664.93 Safari/537.36"
::1 - - [24/Dec/2021:05:22:35 +0000] "GET /user HTTP/1.1" 404 143 "-" "Mozilla/5.0 (X11; Linux x86_64) AppleWebKit/537.36 (KHTML, like Gecko) Chrome/96.0.4664.93 Safari/537.36"
::1 - - [24/Dec/2021:05:22:41 +0000] "GET /users HTTP/1.1" 404 144 "-" "Mozilla/5.0 (X11; Linux x86_64) AppleWebKit/537.36 (KHTML, like Gecko) Chrome/96.0.4664.93 Safari/537.36"
::1 - - [24/Dec/2021:05:22:51 +0000] "GET /Users HTTP/1.1" 404 144 "-" "Mozilla/5.0 (X11; Linux x86_64) AppleWebKit/537.36 (KHTML, like Gecko) Chrome/96.0.4664.93 Safari/537.36"
::1 - - [24/Dec/2021:05:23:06 +0000] "GET /User HTTP/1.1" 404 143 "-" "Mozilla/5.0 (X11; Linux x86_64) AppleWebKit/537.36 (KHTML, like Gecko) Chrome/96.0.4664.93 Safari/537.36"
::1 - - [24/Dec/2021:14:31:07 +0000] "GET /api/user/currentuser HTTP/1.1" 401 38 "http://localhost:4200/" "Mozilla/5.0 (X11; Linux x86_64) AppleWebKit/537.36 (KHTML, like Gecko) Chrome/96.0.4664.93 Safari/537.36"
::1 - - [24/Dec/2021:14:31:07 +0000] "GET /api/user/isauth HTTP/1.1" 401 38 "http://localhost:4200/" "Mozilla/5.0 (X11; Linux x86_64) AppleWebKit/537.36 (KHTML, like Gecko) Chrome/96.0.4664.93 Safari/537.36"
::1 - - [24/Dec/2021:14:34:26 +0000] "OPTIONS /api/user/login HTTP/1.1" 200 20 "http://localhost:4200/" "Mozilla/5.0 (X11; Linux x86_64) AppleWebKit/537.36 (KHTML, like Gecko) Chrome/96.0.4664.93 Safari/537.36"
::1 - - [24/Dec/2021:14:34:26 +0000] "POST /api/user/login HTTP/1.1" 200 149 "http://localhost:4200/" "Mozilla/5.0 (X11; Linux x86_64) AppleWebKit/537.36 (KHTML, like Gecko) Chrome/96.0.4664.93 Safari/537.36"
::1 - - [24/Dec/2021:14:34:26 +0000] "GET /api/user/isauth HTTP/1.1" 304 - "http://localhost:4200/" "Mozilla/5.0 (X11; Linux x86_64) AppleWebKit/537.36 (KHTML, like Gecko) Chrome/96.0.4664.93 Safari/537.36"
::1 - - [24/Dec/2021:14:34:26 +0000] "GET /api/notif HTTP/1.1" 304 - "http://localhost:4200/" "Mozilla/5.0 (X11; Linux x86_64) AppleWebKit/537.36 (KHTML, like Gecko) Chrome/96.0.4664.93 Safari/537.36"
::1 - - [24/Dec/2021:14:34:26 +0000] "GET /api/post/2/0 HTTP/1.1" 304 - "http://localhost:4200/" "Mozilla/5.0 (X11; Linux x86_64) AppleWebKit/537.36 (KHTML, like Gecko) Chrome/96.0.4664.93 Safari/537.36"
::1 - - [24/Dec/2021:14:34:26 +0000] "GET /images/text5790_1639609251494.png HTTP/1.1" 304 - "http://localhost:4200/" "Mozilla/5.0 (X11; Linux x86_64) AppleWebKit/537.36 (KHTML, like Gecko) Chrome/96.0.4664.93 Safari/537.36"
::1 - - [24/Dec/2021:14:34:26 +0000] "GET /images/555_1639502673118.png HTTP/1.1" 304 - "http://localhost:4200/" "Mozilla/5.0 (X11; Linux x86_64) AppleWebKit/537.36 (KHTML, like Gecko) Chrome/96.0.4664.93 Safari/537.36"
::1 - - [24/Dec/2021:14:34:26 +0000] "GET /images/Capture_d%E2%80%99%C3%A9cran_2021-12-24_00-11-33_1640301119936.png HTTP/1.1" 304 - "http://localhost:4200/" "Mozilla/5.0 (X11; Linux x86_64) AppleWebKit/537.36 (KHTML, like Gecko) Chrome/96.0.4664.93 Safari/537.36"
::1 - - [24/Dec/2021:14:34:26 +0000] "GET /images/777777_1639502843555.png HTTP/1.1" 304 - "http://localhost:4200/" "Mozilla/5.0 (X11; Linux x86_64) AppleWebKit/537.36 (KHTML, like Gecko) Chrome/96.0.4664.93 Safari/537.36"
::1 - - [24/Dec/2021:14:34:28 +0000] "GET /api/post/2/2 HTTP/1.1" 304 - "http://localhost:4200/" "Mozilla/5.0 (X11; Linux x86_64) AppleWebKit/537.36 (KHTML, like Gecko) Chrome/96.0.4664.93 Safari/537.36"
::1 - - [24/Dec/2021:14:34:28 +0000] "GET /images/222_1639502195404.png HTTP/1.1" 304 - "http://localhost:4200/" "Mozilla/5.0 (X11; Linux x86_64) AppleWebKit/537.36 (KHTML, like Gecko) Chrome/96.0.4664.93 Safari/537.36"
::1 - - [24/Dec/2021:14:34:28 +0000] "GET /images/333_1639502221004.png HTTP/1.1" 304 - "http://localhost:4200/" "Mozilla/5.0 (X11; Linux x86_64) AppleWebKit/537.36 (KHTML, like Gecko) Chrome/96.0.4664.93 Safari/537.36"
::1 - - [24/Dec/2021:14:34:28 +0000] "GET /images/10_1639502156793.png HTTP/1.1" 304 - "http://localhost:4200/" "Mozilla/5.0 (X11; Linux x86_64) AppleWebKit/537.36 (KHTML, like Gecko) Chrome/96.0.4664.93 Safari/537.36"
::1 - - [24/Dec/2021:14:34:28 +0000] "GET /images/666_1639502127011.png HTTP/1.1" 304 - "http://localhost:4200/" "Mozilla/5.0 (X11; Linux x86_64) AppleWebKit/537.36 (KHTML, like Gecko) Chrome/96.0.4664.93 Safari/537.36"
::1 - - [24/Dec/2021:14:51:59 +0000] "GET /api/user/isauth HTTP/1.1" 304 - "http://localhost:4200/" "Mozilla/5.0 (X11; Linux x86_64) AppleWebKit/537.36 (KHTML, like Gecko) Chrome/96.0.4664.93 Safari/537.36"
::1 - - [24/Dec/2021:14:51:59 +0000] "GET /api/user/currentuser HTTP/1.1" 304 - "http://localhost:4200/" "Mozilla/5.0 (X11; Linux x86_64) AppleWebKit/537.36 (KHTML, like Gecko) Chrome/96.0.4664.93 Safari/537.36"
::1 - - [24/Dec/2021:14:51:59 +0000] "GET /api/notif HTTP/1.1" 304 - "http://localhost:4200/" "Mozilla/5.0 (X11; Linux x86_64) AppleWebKit/537.36 (KHTML, like Gecko) Chrome/96.0.4664.93 Safari/537.36"
::1 - - [24/Dec/2021:14:51:59 +0000] "GET /api/post/2/0 HTTP/1.1" 304 - "http://localhost:4200/" "Mozilla/5.0 (X11; Linux x86_64) AppleWebKit/537.36 (KHTML, like Gecko) Chrome/96.0.4664.93 Safari/537.36"
::1 - - [24/Dec/2021:14:51:59 +0000] "GET /images/text5790_1639609251494.png HTTP/1.1" 304 - "http://localhost:4200/" "Mozilla/5.0 (X11; Linux x86_64) AppleWebKit/537.36 (KHTML, like Gecko) Chrome/96.0.4664.93 Safari/537.36"
::1 - - [24/Dec/2021:14:51:59 +0000] "GET /images/Capture_d%E2%80%99%C3%A9cran_2021-12-24_00-11-33_1640301119936.png HTTP/1.1" 304 - "http://localhost:4200/" "Mozilla/5.0 (X11; Linux x86_64) AppleWebKit/537.36 (KHTML, like Gecko) Chrome/96.0.4664.93 Safari/537.36"
::1 - - [24/Dec/2021:14:51:59 +0000] "GET /images/555_1639502673118.png HTTP/1.1" 304 - "http://localhost:4200/" "Mozilla/5.0 (X11; Linux x86_64) AppleWebKit/537.36 (KHTML, like Gecko) Chrome/96.0.4664.93 Safari/537.36"
::1 - - [24/Dec/2021:14:51:59 +0000] "GET /images/777777_1639502843555.png HTTP/1.1" 304 - "http://localhost:4200/" "Mozilla/5.0 (X11; Linux x86_64) AppleWebKit/537.36 (KHTML, like Gecko) Chrome/96.0.4664.93 Safari/537.36"
::1 - - [24/Dec/2021:14:52:02 +0000] "GET /api/user/logout HTTP/1.1" 304 - "http://localhost:4200/" "Mozilla/5.0 (X11; Linux x86_64) AppleWebKit/537.36 (KHTML, like Gecko) Chrome/96.0.4664.93 Safari/537.36"
::1 - - [24/Dec/2021:14:52:13 +0000] "OPTIONS /api/user/login HTTP/1.1" 200 20 "http://localhost:4200/" "Mozilla/5.0 (X11; Linux x86_64) AppleWebKit/537.36 (KHTML, like Gecko) Chrome/96.0.4664.93 Safari/537.36"
::1 - - [24/Dec/2021:14:52:13 +0000] "POST /api/user/login HTTP/1.1" 200 149 "http://localhost:4200/" "Mozilla/5.0 (X11; Linux x86_64) AppleWebKit/537.36 (KHTML, like Gecko) Chrome/96.0.4664.93 Safari/537.36"
::1 - - [24/Dec/2021:14:52:13 +0000] "GET /api/user/isauth HTTP/1.1" 304 - "http://localhost:4200/" "Mozilla/5.0 (X11; Linux x86_64) AppleWebKit/537.36 (KHTML, like Gecko) Chrome/96.0.4664.93 Safari/537.36"
::1 - - [24/Dec/2021:14:52:13 +0000] "GET /images/text5790_1639609251494.png HTTP/1.1" 304 - "http://localhost:4200/" "Mozilla/5.0 (X11; Linux x86_64) AppleWebKit/537.36 (KHTML, like Gecko) Chrome/96.0.4664.93 Safari/537.36"
::1 - - [24/Dec/2021:14:52:13 +0000] "GET /api/notif HTTP/1.1" 304 - "http://localhost:4200/" "Mozilla/5.0 (X11; Linux x86_64) AppleWebKit/537.36 (KHTML, like Gecko) Chrome/96.0.4664.93 Safari/537.36"
::1 - - [24/Dec/2021:14:52:13 +0000] "GET /api/post/2/0 HTTP/1.1" 304 - "http://localhost:4200/" "Mozilla/5.0 (X11; Linux x86_64) AppleWebKit/537.36 (KHTML, like Gecko) Chrome/96.0.4664.93 Safari/537.36"
::1 - - [24/Dec/2021:14:52:13 +0000] "GET /images/Capture_d%E2%80%99%C3%A9cran_2021-12-24_00-11-33_1640301119936.png HTTP/1.1" 304 - "http://localhost:4200/" "Mozilla/5.0 (X11; Linux x86_64) AppleWebKit/537.36 (KHTML, like Gecko) Chrome/96.0.4664.93 Safari/537.36"
::1 - - [24/Dec/2021:14:52:13 +0000] "GET /images/555_1639502673118.png HTTP/1.1" 304 - "http://localhost:4200/" "Mozilla/5.0 (X11; Linux x86_64) AppleWebKit/537.36 (KHTML, like Gecko) Chrome/96.0.4664.93 Safari/537.36"
::1 - - [24/Dec/2021:14:52:13 +0000] "GET /images/777777_1639502843555.png HTTP/1.1" 304 - "http://localhost:4200/" "Mozilla/5.0 (X11; Linux x86_64) AppleWebKit/537.36 (KHTML, like Gecko) Chrome/96.0.4664.93 Safari/537.36"
::1 - - [24/Dec/2021:14:52:14 +0000] "GET /api/post/2/2 HTTP/1.1" 304 - "http://localhost:4200/" "Mozilla/5.0 (X11; Linux x86_64) AppleWebKit/537.36 (KHTML, like Gecko) Chrome/96.0.4664.93 Safari/537.36"
::1 - - [24/Dec/2021:14:52:14 +0000] "GET /images/222_1639502195404.png HTTP/1.1" 304 - "http://localhost:4200/" "Mozilla/5.0 (X11; Linux x86_64) AppleWebKit/537.36 (KHTML, like Gecko) Chrome/96.0.4664.93 Safari/537.36"
::1 - - [24/Dec/2021:14:52:14 +0000] "GET /images/333_1639502221004.png HTTP/1.1" 304 - "http://localhost:4200/" "Mozilla/5.0 (X11; Linux x86_64) AppleWebKit/537.36 (KHTML, like Gecko) Chrome/96.0.4664.93 Safari/537.36"
::1 - - [24/Dec/2021:14:52:14 +0000] "GET /images/666_1639502127011.png HTTP/1.1" 304 - "http://localhost:4200/" "Mozilla/5.0 (X11; Linux x86_64) AppleWebKit/537.36 (KHTML, like Gecko) Chrome/96.0.4664.93 Safari/537.36"
::1 - - [24/Dec/2021:14:52:14 +0000] "GET /images/10_1639502156793.png HTTP/1.1" 304 - "http://localhost:4200/" "Mozilla/5.0 (X11; Linux x86_64) AppleWebKit/537.36 (KHTML, like Gecko) Chrome/96.0.4664.93 Safari/537.36"
::1 - - [24/Dec/2021:14:52:16 +0000] "GET /api/post/2/4 HTTP/1.1" 200 1165 "http://localhost:4200/" "Mozilla/5.0 (X11; Linux x86_64) AppleWebKit/537.36 (KHTML, like Gecko) Chrome/96.0.4664.93 Safari/537.36"
::1 - - [24/Dec/2021:14:52:16 +0000] "GET /images/444_1639502057674.png HTTP/1.1" 304 - "http://localhost:4200/" "Mozilla/5.0 (X11; Linux x86_64) AppleWebKit/537.36 (KHTML, like Gecko) Chrome/96.0.4664.93 Safari/537.36"
::1 - - [24/Dec/2021:14:52:16 +0000] "GET /images/Walid_Photo_ID_1639577742040.png HTTP/1.1" 304 - "http://localhost:4200/" "Mozilla/5.0 (X11; Linux x86_64) AppleWebKit/537.36 (KHTML, like Gecko) Chrome/96.0.4664.93 Safari/537.36"
::1 - - [24/Dec/2021:14:52:16 +0000] "GET /images/499D8D18-676E-42FA-84AB-2B883442BEFD_1639502101523.png HTTP/1.1" 200 431818 "http://localhost:4200/" "Mozilla/5.0 (X11; Linux x86_64) AppleWebKit/537.36 (KHTML, like Gecko) Chrome/96.0.4664.93 Safari/537.36"
::1 - - [24/Dec/2021:14:52:16 +0000] "GET /images/11_1639502035579.png HTTP/1.1" 200 618144 "http://localhost:4200/" "Mozilla/5.0 (X11; Linux x86_64) AppleWebKit/537.36 (KHTML, like Gecko) Chrome/96.0.4664.93 Safari/537.36"
::1 - - [24/Dec/2021:14:52:17 +0000] "GET /api/post/2/6 HTTP/1.1" 200 584 "http://localhost:4200/" "Mozilla/5.0 (X11; Linux x86_64) AppleWebKit/537.36 (KHTML, like Gecko) Chrome/96.0.4664.93 Safari/537.36"
::1 - - [24/Dec/2021:14:52:17 +0000] "GET /images/7787_1639501711323.png HTTP/1.1" 304 - "http://localhost:4200/" "Mozilla/5.0 (X11; Linux x86_64) AppleWebKit/537.36 (KHTML, like Gecko) Chrome/96.0.4664.93 Safari/537.36"
::1 - - [24/Dec/2021:14:52:17 +0000] "GET /images/Capture_d%E2%80%99%C3%A9cran_2021-12-14_17-37-30_1639501766668.png HTTP/1.1" 304 - "http://localhost:4200/" "Mozilla/5.0 (X11; Linux x86_64) AppleWebKit/537.36 (KHTML, like Gecko) Chrome/96.0.4664.93 Safari/537.36"
::1 - - [24/Dec/2021:14:52:28 +0000] "GET /api/user/isauth HTTP/1.1" 304 - "http://localhost:4200/" "Mozilla/5.0 (X11; Linux x86_64) AppleWebKit/537.36 (KHTML, like Gecko) Chrome/96.0.4664.93 Safari/537.36"
::1 - - [24/Dec/2021:14:52:28 +0000] "GET /api/user HTTP/1.1" 304 - "http://localhost:4200/" "Mozilla/5.0 (X11; Linux x86_64) AppleWebKit/537.36 (KHTML, like Gecko) Chrome/96.0.4664.93 Safari/537.36"
::1 - - [24/Dec/2021:14:52:28 +0000] "GET /images/888_1639501599053.png HTTP/1.1" 304 - "http://localhost:4200/" "Mozilla/5.0 (X11; Linux x86_64) AppleWebKit/537.36 (KHTML, like Gecko) Chrome/96.0.4664.93 Safari/537.36"
::1 - - [24/Dec/2021:14:52:28 +0000] "GET /images/Capture_d%E2%80%99%C3%A9cran_2021-12-14_21-42-17_1639514553515.png HTTP/1.1" 304 - "http://localhost:4200/" "Mozilla/5.0 (X11; Linux x86_64) AppleWebKit/537.36 (KHTML, like Gecko) Chrome/96.0.4664.93 Safari/537.36"
::1 - - [24/Dec/2021:15:27:50 +0000] "GET /api/user/isauth HTTP/1.1" 304 - "http://localhost:4200/" "Mozilla/5.0 (X11; Linux x86_64) AppleWebKit/537.36 (KHTML, like Gecko) Chrome/96.0.4664.93 Safari/537.36"
::1 - - [24/Dec/2021:15:27:50 +0000] "GET /api/user/currentuser HTTP/1.1" 304 - "http://localhost:4200/" "Mozilla/5.0 (X11; Linux x86_64) AppleWebKit/537.36 (KHTML, like Gecko) Chrome/96.0.4664.93 Safari/537.36"
::1 - - [24/Dec/2021:15:27:50 +0000] "GET /api/notif HTTP/1.1" 304 - "http://localhost:4200/" "Mozilla/5.0 (X11; Linux x86_64) AppleWebKit/537.36 (KHTML, like Gecko) Chrome/96.0.4664.93 Safari/537.36"
::1 - - [24/Dec/2021:15:27:50 +0000] "GET /api/post/2/0 HTTP/1.1" 304 - "http://localhost:4200/" "Mozilla/5.0 (X11; Linux x86_64) AppleWebKit/537.36 (KHTML, like Gecko) Chrome/96.0.4664.93 Safari/537.36"
::1 - - [24/Dec/2021:15:27:50 +0000] "GET /images/text5790_1639609251494.png HTTP/1.1" 304 - "http://localhost:4200/" "Mozilla/5.0 (X11; Linux x86_64) AppleWebKit/537.36 (KHTML, like Gecko) Chrome/96.0.4664.93 Safari/537.36"
::1 - - [24/Dec/2021:15:27:50 +0000] "GET /images/Capture_d%E2%80%99%C3%A9cran_2021-12-24_00-11-33_1640301119936.png HTTP/1.1" 304 - "http://localhost:4200/" "Mozilla/5.0 (X11; Linux x86_64) AppleWebKit/537.36 (KHTML, like Gecko) Chrome/96.0.4664.93 Safari/537.36"
::1 - - [24/Dec/2021:15:27:50 +0000] "GET /images/555_1639502673118.png HTTP/1.1" 304 - "http://localhost:4200/" "Mozilla/5.0 (X11; Linux x86_64) AppleWebKit/537.36 (KHTML, like Gecko) Chrome/96.0.4664.93 Safari/537.36"
::1 - - [24/Dec/2021:15:27:50 +0000] "GET /images/777777_1639502843555.png HTTP/1.1" 304 - "http://localhost:4200/" "Mozilla/5.0 (X11; Linux x86_64) AppleWebKit/537.36 (KHTML, like Gecko) Chrome/96.0.4664.93 Safari/537.36"
::1 - - [24/Dec/2021:15:27:52 +0000] "GET /api/user/logout HTTP/1.1" 304 - "http://localhost:4200/" "Mozilla/5.0 (X11; Linux x86_64) AppleWebKit/537.36 (KHTML, like Gecko) Chrome/96.0.4664.93 Safari/537.36"
::1 - - [24/Dec/2021:15:27:55 +0000] "OPTIONS /api/user/login HTTP/1.1" 200 20 "http://localhost:4200/" "Mozilla/5.0 (X11; Linux x86_64) AppleWebKit/537.36 (KHTML, like Gecko) Chrome/96.0.4664.93 Safari/537.36"
::1 - - [24/Dec/2021:15:27:55 +0000] "POST /api/user/login HTTP/1.1" 200 149 "http://localhost:4200/" "Mozilla/5.0 (X11; Linux x86_64) AppleWebKit/537.36 (KHTML, like Gecko) Chrome/96.0.4664.93 Safari/537.36"
::1 - - [24/Dec/2021:15:27:55 +0000] "GET /api/user/isauth HTTP/1.1" 304 - "http://localhost:4200/" "Mozilla/5.0 (X11; Linux x86_64) AppleWebKit/537.36 (KHTML, like Gecko) Chrome/96.0.4664.93 Safari/537.36"
::1 - - [24/Dec/2021:15:27:55 +0000] "GET /api/notif HTTP/1.1" 304 - "http://localhost:4200/" "Mozilla/5.0 (X11; Linux x86_64) AppleWebKit/537.36 (KHTML, like Gecko) Chrome/96.0.4664.93 Safari/537.36"
::1 - - [24/Dec/2021:15:27:55 +0000] "GET /api/post/2/0 HTTP/1.1" 304 - "http://localhost:4200/" "Mozilla/5.0 (X11; Linux x86_64) AppleWebKit/537.36 (KHTML, like Gecko) Chrome/96.0.4664.93 Safari/537.36"
::1 - - [24/Dec/2021:15:27:58 +0000] "GET /api/post/2/2 HTTP/1.1" 304 - "http://localhost:4200/" "Mozilla/5.0 (X11; Linux x86_64) AppleWebKit/537.36 (KHTML, like Gecko) Chrome/96.0.4664.93 Safari/537.36"
::1 - - [24/Dec/2021:15:27:58 +0000] "GET /images/222_1639502195404.png HTTP/1.1" 304 - "http://localhost:4200/" "Mozilla/5.0 (X11; Linux x86_64) AppleWebKit/537.36 (KHTML, like Gecko) Chrome/96.0.4664.93 Safari/537.36"
::1 - - [24/Dec/2021:15:27:58 +0000] "GET /images/333_1639502221004.png HTTP/1.1" 304 - "http://localhost:4200/" "Mozilla/5.0 (X11; Linux x86_64) AppleWebKit/537.36 (KHTML, like Gecko) Chrome/96.0.4664.93 Safari/537.36"
::1 - - [24/Dec/2021:15:27:58 +0000] "GET /images/666_1639502127011.png HTTP/1.1" 304 - "http://localhost:4200/" "Mozilla/5.0 (X11; Linux x86_64) AppleWebKit/537.36 (KHTML, like Gecko) Chrome/96.0.4664.93 Safari/537.36"
::1 - - [24/Dec/2021:15:27:58 +0000] "GET /images/10_1639502156793.png HTTP/1.1" 304 - "http://localhost:4200/" "Mozilla/5.0 (X11; Linux x86_64) AppleWebKit/537.36 (KHTML, like Gecko) Chrome/96.0.4664.93 Safari/537.36"
::1 - - [24/Dec/2021:15:28:02 +0000] "GET /api/post/2/4 HTTP/1.1" 304 - "http://localhost:4200/" "Mozilla/5.0 (X11; Linux x86_64) AppleWebKit/537.36 (KHTML, like Gecko) Chrome/96.0.4664.93 Safari/537.36"
::1 - - [24/Dec/2021:15:28:02 +0000] "GET /images/444_1639502057674.png HTTP/1.1" 304 - "http://localhost:4200/" "Mozilla/5.0 (X11; Linux x86_64) AppleWebKit/537.36 (KHTML, like Gecko) Chrome/96.0.4664.93 Safari/537.36"
::1 - - [24/Dec/2021:15:28:02 +0000] "GET /images/499D8D18-676E-42FA-84AB-2B883442BEFD_1639502101523.png HTTP/1.1" 304 - "http://localhost:4200/" "Mozilla/5.0 (X11; Linux x86_64) AppleWebKit/537.36 (KHTML, like Gecko) Chrome/96.0.4664.93 Safari/537.36"
::1 - - [24/Dec/2021:15:28:02 +0000] "GET /images/Walid_Photo_ID_1639577742040.png HTTP/1.1" 304 - "http://localhost:4200/" "Mozilla/5.0 (X11; Linux x86_64) AppleWebKit/537.36 (KHTML, like Gecko) Chrome/96.0.4664.93 Safari/537.36"
::1 - - [24/Dec/2021:15:28:02 +0000] "GET /images/11_1639502035579.png HTTP/1.1" 304 - "http://localhost:4200/" "Mozilla/5.0 (X11; Linux x86_64) AppleWebKit/537.36 (KHTML, like Gecko) Chrome/96.0.4664.93 Safari/537.36"
::1 - - [24/Dec/2021:15:38:38 +0000] "GET /api/user/currentuser HTTP/1.1" 304 - "http://localhost:4200/" "Mozilla/5.0 (X11; Linux x86_64) AppleWebKit/537.36 (KHTML, like Gecko) Chrome/96.0.4664.93 Safari/537.36"
::1 - - [24/Dec/2021:15:38:38 +0000] "GET /api/user/isauth HTTP/1.1" 304 - "http://localhost:4200/" "Mozilla/5.0 (X11; Linux x86_64) AppleWebKit/537.36 (KHTML, like Gecko) Chrome/96.0.4664.93 Safari/537.36"
::1 - - [24/Dec/2021:15:38:38 +0000] "GET /api/notif HTTP/1.1" 304 - "http://localhost:4200/" "Mozilla/5.0 (X11; Linux x86_64) AppleWebKit/537.36 (KHTML, like Gecko) Chrome/96.0.4664.93 Safari/537.36"
::1 - - [24/Dec/2021:15:38:38 +0000] "GET /api/post/2/0 HTTP/1.1" 304 - "http://localhost:4200/" "Mozilla/5.0 (X11; Linux x86_64) AppleWebKit/537.36 (KHTML, like Gecko) Chrome/96.0.4664.93 Safari/537.36"
::1 - - [24/Dec/2021:15:38:38 +0000] "GET /images/text5790_1639609251494.png HTTP/1.1" 304 - "http://localhost:4200/" "Mozilla/5.0 (X11; Linux x86_64) AppleWebKit/537.36 (KHTML, like Gecko) Chrome/96.0.4664.93 Safari/537.36"
::1 - - [24/Dec/2021:15:38:38 +0000] "GET /images/Capture_d%E2%80%99%C3%A9cran_2021-12-24_00-11-33_1640301119936.png HTTP/1.1" 304 - "http://localhost:4200/" "Mozilla/5.0 (X11; Linux x86_64) AppleWebKit/537.36 (KHTML, like Gecko) Chrome/96.0.4664.93 Safari/537.36"
::1 - - [24/Dec/2021:15:38:38 +0000] "GET /images/555_1639502673118.png HTTP/1.1" 304 - "http://localhost:4200/" "Mozilla/5.0 (X11; Linux x86_64) AppleWebKit/537.36 (KHTML, like Gecko) Chrome/96.0.4664.93 Safari/537.36"
::1 - - [24/Dec/2021:15:38:38 +0000] "GET /images/777777_1639502843555.png HTTP/1.1" 304 - "http://localhost:4200/" "Mozilla/5.0 (X11; Linux x86_64) AppleWebKit/537.36 (KHTML, like Gecko) Chrome/96.0.4664.93 Safari/537.36"
::1 - - [24/Dec/2021:15:38:40 +0000] "GET /api/user/logout HTTP/1.1" 304 - "http://localhost:4200/" "Mozilla/5.0 (X11; Linux x86_64) AppleWebKit/537.36 (KHTML, like Gecko) Chrome/96.0.4664.93 Safari/537.36"
::1 - - [24/Dec/2021:15:38:44 +0000] "OPTIONS /api/user/login HTTP/1.1" 200 20 "http://localhost:4200/" "Mozilla/5.0 (X11; Linux x86_64) AppleWebKit/537.36 (KHTML, like Gecko) Chrome/96.0.4664.93 Safari/537.36"
::1 - - [24/Dec/2021:15:38:44 +0000] "POST /api/user/login HTTP/1.1" 200 160 "http://localhost:4200/" "Mozilla/5.0 (X11; Linux x86_64) AppleWebKit/537.36 (KHTML, like Gecko) Chrome/96.0.4664.93 Safari/537.36"
::1 - - [24/Dec/2021:15:38:44 +0000] "GET /api/user/isauth HTTP/1.1" 304 - "http://localhost:4200/" "Mozilla/5.0 (X11; Linux x86_64) AppleWebKit/537.36 (KHTML, like Gecko) Chrome/96.0.4664.93 Safari/537.36"
::1 - - [24/Dec/2021:15:38:44 +0000] "GET /images/Walid_Photo_ID_1639577742040.png HTTP/1.1" 304 - "http://localhost:4200/" "Mozilla/5.0 (X11; Linux x86_64) AppleWebKit/537.36 (KHTML, like Gecko) Chrome/96.0.4664.93 Safari/537.36"
::1 - - [24/Dec/2021:15:38:44 +0000] "GET /api/notif HTTP/1.1" 200 162 "http://localhost:4200/" "Mozilla/5.0 (X11; Linux x86_64) AppleWebKit/537.36 (KHTML, like Gecko) Chrome/96.0.4664.93 Safari/537.36"
::1 - - [24/Dec/2021:15:38:45 +0000] "GET /api/post/2/0 HTTP/1.1" 304 - "http://localhost:4200/" "Mozilla/5.0 (X11; Linux x86_64) AppleWebKit/537.36 (KHTML, like Gecko) Chrome/96.0.4664.93 Safari/537.36"
::1 - - [24/Dec/2021:15:38:47 +0000] "GET /api/post/2/2 HTTP/1.1" 304 - "http://localhost:4200/" "Mozilla/5.0 (X11; Linux x86_64) AppleWebKit/537.36 (KHTML, like Gecko) Chrome/96.0.4664.93 Safari/537.36"
::1 - - [24/Dec/2021:15:38:47 +0000] "GET /images/222_1639502195404.png HTTP/1.1" 304 - "http://localhost:4200/" "Mozilla/5.0 (X11; Linux x86_64) AppleWebKit/537.36 (KHTML, like Gecko) Chrome/96.0.4664.93 Safari/537.36"
::1 - - [24/Dec/2021:15:38:47 +0000] "GET /images/333_1639502221004.png HTTP/1.1" 304 - "http://localhost:4200/" "Mozilla/5.0 (X11; Linux x86_64) AppleWebKit/537.36 (KHTML, like Gecko) Chrome/96.0.4664.93 Safari/537.36"
::1 - - [24/Dec/2021:15:38:47 +0000] "GET /images/666_1639502127011.png HTTP/1.1" 304 - "http://localhost:4200/" "Mozilla/5.0 (X11; Linux x86_64) AppleWebKit/537.36 (KHTML, like Gecko) Chrome/96.0.4664.93 Safari/537.36"
::1 - - [24/Dec/2021:15:38:47 +0000] "GET /images/10_1639502156793.png HTTP/1.1" 304 - "http://localhost:4200/" "Mozilla/5.0 (X11; Linux x86_64) AppleWebKit/537.36 (KHTML, like Gecko) Chrome/96.0.4664.93 Safari/537.36"
::1 - - [24/Dec/2021:15:40:16 +0000] "GET /api/user/currentuser HTTP/1.1" 401 38 "http://localhost:4200/" "Mozilla/5.0 (X11; Linux x86_64) AppleWebKit/537.36 (KHTML, like Gecko) Chrome/96.0.4664.93 Safari/537.36"
::1 - - [24/Dec/2021:15:40:16 +0000] "GET /api/user/isauth HTTP/1.1" 401 38 "http://localhost:4200/" "Mozilla/5.0 (X11; Linux x86_64) AppleWebKit/537.36 (KHTML, like Gecko) Chrome/96.0.4664.93 Safari/537.36"
::1 - - [24/Dec/2021:15:40:21 +0000] "OPTIONS /api/user/login HTTP/1.1" 200 20 "http://localhost:4200/" "Mozilla/5.0 (X11; Linux x86_64) AppleWebKit/537.36 (KHTML, like Gecko) Chrome/96.0.4664.93 Safari/537.36"
::1 - - [24/Dec/2021:15:42:01 +0000] "GET /api/user/currentuser HTTP/1.1" 401 38 "http://localhost:4200/" "Mozilla/5.0 (X11; Linux x86_64) AppleWebKit/537.36 (KHTML, like Gecko) Chrome/96.0.4664.93 Safari/537.36"
::1 - - [24/Dec/2021:15:42:01 +0000] "GET /api/user/isauth HTTP/1.1" 401 38 "http://localhost:4200/" "Mozilla/5.0 (X11; Linux x86_64) AppleWebKit/537.36 (KHTML, like Gecko) Chrome/96.0.4664.93 Safari/537.36"
::1 - - [24/Dec/2021:15:43:47 +0000] "GET /api/user/currentuser HTTP/1.1" 401 38 "http://localhost:4200/" "Mozilla/5.0 (X11; Linux x86_64) AppleWebKit/537.36 (KHTML, like Gecko) Chrome/96.0.4664.93 Safari/537.36"
::1 - - [24/Dec/2021:15:43:47 +0000] "GET /api/user/isauth HTTP/1.1" 401 38 "http://localhost:4200/" "Mozilla/5.0 (X11; Linux x86_64) AppleWebKit/537.36 (KHTML, like Gecko) Chrome/96.0.4664.93 Safari/537.36"
::1 - - [24/Dec/2021:15:43:49 +0000] "OPTIONS /api/user/login HTTP/1.1" 200 20 "http://localhost:4200/" "Mozilla/5.0 (X11; Linux x86_64) AppleWebKit/537.36 (KHTML, like Gecko) Chrome/96.0.4664.93 Safari/537.36"
::1 - - [24/Dec/2021:15:43:49 +0000] "POST /api/user/login HTTP/1.1" 401 35 "http://localhost:4200/" "Mozilla/5.0 (X11; Linux x86_64) AppleWebKit/537.36 (KHTML, like Gecko) Chrome/96.0.4664.93 Safari/537.36"
::1 - - [24/Dec/2021:15:43:56 +0000] "OPTIONS /api/user/login HTTP/1.1" 200 20 "http://localhost:4200/" "Mozilla/5.0 (X11; Linux x86_64) AppleWebKit/537.36 (KHTML, like Gecko) Chrome/96.0.4664.93 Safari/537.36"
::1 - - [24/Dec/2021:15:43:56 +0000] "POST /api/user/login HTTP/1.1" 401 35 "http://localhost:4200/" "Mozilla/5.0 (X11; Linux x86_64) AppleWebKit/537.36 (KHTML, like Gecko) Chrome/96.0.4664.93 Safari/537.36"
::1 - - [24/Dec/2021:15:50:56 +0000] "GET /api/user/currentuser HTTP/1.1" 401 38 "http://localhost:4200/" "Mozilla/5.0 (X11; Linux x86_64) AppleWebKit/537.36 (KHTML, like Gecko) Chrome/96.0.4664.93 Safari/537.36"
::1 - - [24/Dec/2021:15:50:56 +0000] "GET /api/user/isauth HTTP/1.1" 401 38 "http://localhost:4200/" "Mozilla/5.0 (X11; Linux x86_64) AppleWebKit/537.36 (KHTML, like Gecko) Chrome/96.0.4664.93 Safari/537.36"
::1 - - [24/Dec/2021:15:50:58 +0000] "OPTIONS /api/user/login HTTP/1.1" 200 20 "http://localhost:4200/" "Mozilla/5.0 (X11; Linux x86_64) AppleWebKit/537.36 (KHTML, like Gecko) Chrome/96.0.4664.93 Safari/537.36"
::1 - - [24/Dec/2021:15:50:58 +0000] "POST /api/user/login HTTP/1.1" 200 160 "http://localhost:4200/" "Mozilla/5.0 (X11; Linux x86_64) AppleWebKit/537.36 (KHTML, like Gecko) Chrome/96.0.4664.93 Safari/537.36"
::1 - - [24/Dec/2021:15:50:58 +0000] "GET /api/user/isauth HTTP/1.1" 304 - "http://localhost:4200/" "Mozilla/5.0 (X11; Linux x86_64) AppleWebKit/537.36 (KHTML, like Gecko) Chrome/96.0.4664.93 Safari/537.36"
::1 - - [24/Dec/2021:15:50:58 +0000] "GET /api/notif HTTP/1.1" 304 - "http://localhost:4200/" "Mozilla/5.0 (X11; Linux x86_64) AppleWebKit/537.36 (KHTML, like Gecko) Chrome/96.0.4664.93 Safari/537.36"
::1 - - [24/Dec/2021:15:50:58 +0000] "GET /images/Walid_Photo_ID_1639577742040.png HTTP/1.1" 304 - "http://localhost:4200/" "Mozilla/5.0 (X11; Linux x86_64) AppleWebKit/537.36 (KHTML, like Gecko) Chrome/96.0.4664.93 Safari/537.36"
::1 - - [24/Dec/2021:15:50:58 +0000] "GET /api/post/2/0 HTTP/1.1" 304 - "http://localhost:4200/" "Mozilla/5.0 (X11; Linux x86_64) AppleWebKit/537.36 (KHTML, like Gecko) Chrome/96.0.4664.93 Safari/537.36"
::1 - - [24/Dec/2021:15:50:58 +0000] "GET /images/text5790_1639609251494.png HTTP/1.1" 304 - "http://localhost:4200/" "Mozilla/5.0 (X11; Linux x86_64) AppleWebKit/537.36 (KHTML, like Gecko) Chrome/96.0.4664.93 Safari/537.36"
::1 - - [24/Dec/2021:15:50:58 +0000] "GET /images/Capture_d%E2%80%99%C3%A9cran_2021-12-24_00-11-33_1640301119936.png HTTP/1.1" 304 - "http://localhost:4200/" "Mozilla/5.0 (X11; Linux x86_64) AppleWebKit/537.36 (KHTML, like Gecko) Chrome/96.0.4664.93 Safari/537.36"
::1 - - [24/Dec/2021:15:50:58 +0000] "GET /images/555_1639502673118.png HTTP/1.1" 304 - "http://localhost:4200/" "Mozilla/5.0 (X11; Linux x86_64) AppleWebKit/537.36 (KHTML, like Gecko) Chrome/96.0.4664.93 Safari/537.36"
::1 - - [24/Dec/2021:15:50:58 +0000] "GET /images/777777_1639502843555.png HTTP/1.1" 304 - "http://localhost:4200/" "Mozilla/5.0 (X11; Linux x86_64) AppleWebKit/537.36 (KHTML, like Gecko) Chrome/96.0.4664.93 Safari/537.36"
::1 - - [24/Dec/2021:15:53:14 +0000] "GET /api/user/currentuser HTTP/1.1" 200 129 "http://localhost:4200/" "Mozilla/5.0 (X11; Linux x86_64) AppleWebKit/537.36 (KHTML, like Gecko) Chrome/96.0.4664.93 Safari/537.36"
::1 - - [24/Dec/2021:15:53:14 +0000] "GET /api/user/isauth HTTP/1.1" 304 - "http://localhost:4200/" "Mozilla/5.0 (X11; Linux x86_64) AppleWebKit/537.36 (KHTML, like Gecko) Chrome/96.0.4664.93 Safari/537.36"
::1 - - [24/Dec/2021:15:53:14 +0000] "GET /api/notif HTTP/1.1" 304 - "http://localhost:4200/" "Mozilla/5.0 (X11; Linux x86_64) AppleWebKit/537.36 (KHTML, like Gecko) Chrome/96.0.4664.93 Safari/537.36"
::1 - - [24/Dec/2021:15:53:14 +0000] "GET /api/post/2/0 HTTP/1.1" 304 - "http://localhost:4200/" "Mozilla/5.0 (X11; Linux x86_64) AppleWebKit/537.36 (KHTML, like Gecko) Chrome/96.0.4664.93 Safari/537.36"
::1 - - [24/Dec/2021:15:53:14 +0000] "GET /api/user/currentuser HTTP/1.1" 304 - "http://localhost:4200/" "Mozilla/5.0 (X11; Linux x86_64) AppleWebKit/537.36 (KHTML, like Gecko) Chrome/96.0.4664.93 Safari/537.36"
::1 - - [24/Dec/2021:15:53:14 +0000] "GET /api/notif HTTP/1.1" 304 - "http://localhost:4200/" "Mozilla/5.0 (X11; Linux x86_64) AppleWebKit/537.36 (KHTML, like Gecko) Chrome/96.0.4664.93 Safari/537.36"
::1 - - [24/Dec/2021:15:53:14 +0000] "GET /images/Walid_Photo_ID_1639577742040.png HTTP/1.1" 304 - "http://localhost:4200/" "Mozilla/5.0 (X11; Linux x86_64) AppleWebKit/537.36 (KHTML, like Gecko) Chrome/96.0.4664.93 Safari/537.36"
::1 - - [24/Dec/2021:15:53:14 +0000] "GET /images/Walid_Photo_ID_1639577742040.png HTTP/1.1" 304 - "http://localhost:4200/" "Mozilla/5.0 (X11; Linux x86_64) AppleWebKit/537.36 (KHTML, like Gecko) Chrome/96.0.4664.93 Safari/537.36"
::1 - - [24/Dec/2021:15:53:14 +0000] "GET /images/text5790_1639609251494.png HTTP/1.1" 304 - "http://localhost:4200/" "Mozilla/5.0 (X11; Linux x86_64) AppleWebKit/537.36 (KHTML, like Gecko) Chrome/96.0.4664.93 Safari/537.36"
::1 - - [24/Dec/2021:15:53:14 +0000] "GET /images/Capture_d%E2%80%99%C3%A9cran_2021-12-24_00-11-33_1640301119936.png HTTP/1.1" 304 - "http://localhost:4200/" "Mozilla/5.0 (X11; Linux x86_64) AppleWebKit/537.36 (KHTML, like Gecko) Chrome/96.0.4664.93 Safari/537.36"
::1 - - [24/Dec/2021:15:53:14 +0000] "GET /images/555_1639502673118.png HTTP/1.1" 304 - "http://localhost:4200/" "Mozilla/5.0 (X11; Linux x86_64) AppleWebKit/537.36 (KHTML, like Gecko) Chrome/96.0.4664.93 Safari/537.36"
::1 - - [24/Dec/2021:15:53:14 +0000] "GET /images/777777_1639502843555.png HTTP/1.1" 304 - "http://localhost:4200/" "Mozilla/5.0 (X11; Linux x86_64) AppleWebKit/537.36 (KHTML, like Gecko) Chrome/96.0.4664.93 Safari/537.36"
::1 - - [24/Dec/2021:15:53:20 +0000] "GET /api/user/logout HTTP/1.1" 304 - "http://localhost:4200/" "Mozilla/5.0 (X11; Linux x86_64) AppleWebKit/537.36 (KHTML, like Gecko) Chrome/96.0.4664.93 Safari/537.36"
::1 - - [24/Dec/2021:15:53:22 +0000] "OPTIONS /api/user/login HTTP/1.1" 200 20 "http://localhost:4200/" "Mozilla/5.0 (X11; Linux x86_64) AppleWebKit/537.36 (KHTML, like Gecko) Chrome/96.0.4664.93 Safari/537.36"
::1 - - [24/Dec/2021:15:53:22 +0000] "POST /api/user/login HTTP/1.1" 200 160 "http://localhost:4200/" "Mozilla/5.0 (X11; Linux x86_64) AppleWebKit/537.36 (KHTML, like Gecko) Chrome/96.0.4664.93 Safari/537.36"
::1 - - [24/Dec/2021:15:53:22 +0000] "GET /api/user/isauth HTTP/1.1" 304 - "http://localhost:4200/" "Mozilla/5.0 (X11; Linux x86_64) AppleWebKit/537.36 (KHTML, like Gecko) Chrome/96.0.4664.93 Safari/537.36"
::1 - - [24/Dec/2021:15:53:22 +0000] "GET /api/notif HTTP/1.1" 304 - "http://localhost:4200/" "Mozilla/5.0 (X11; Linux x86_64) AppleWebKit/537.36 (KHTML, like Gecko) Chrome/96.0.4664.93 Safari/537.36"
::1 - - [24/Dec/2021:15:53:22 +0000] "GET /api/post/2/0 HTTP/1.1" 304 - "http://localhost:4200/" "Mozilla/5.0 (X11; Linux x86_64) AppleWebKit/537.36 (KHTML, like Gecko) Chrome/96.0.4664.93 Safari/537.36"
::1 - - [24/Dec/2021:15:53:27 +0000] "GET /api/user/logout HTTP/1.1" 304 - "http://localhost:4200/" "Mozilla/5.0 (X11; Linux x86_64) AppleWebKit/537.36 (KHTML, like Gecko) Chrome/96.0.4664.93 Safari/537.36"
::1 - - [24/Dec/2021:15:53:28 +0000] "GET /api/user/isauth HTTP/1.1" 401 38 "http://localhost:4200/" "Mozilla/5.0 (X11; Linux x86_64) AppleWebKit/537.36 (KHTML, like Gecko) Chrome/96.0.4664.93 Safari/537.36"
::1 - - [24/Dec/2021:15:53:30 +0000] "GET /api/user/isauth HTTP/1.1" 401 38 "http://localhost:4200/" "Mozilla/5.0 (X11; Linux x86_64) AppleWebKit/537.36 (KHTML, like Gecko) Chrome/96.0.4664.93 Safari/537.36"
::1 - - [24/Dec/2021:15:53:52 +0000] "GET /api/user/currentuser HTTP/1.1" 401 38 "http://localhost:4200/" "Mozilla/5.0 (X11; Linux x86_64) AppleWebKit/537.36 (KHTML, like Gecko) Chrome/96.0.4664.93 Safari/537.36"
::1 - - [24/Dec/2021:15:53:52 +0000] "GET /api/user/isauth HTTP/1.1" 401 38 "http://localhost:4200/" "Mozilla/5.0 (X11; Linux x86_64) AppleWebKit/537.36 (KHTML, like Gecko) Chrome/96.0.4664.93 Safari/537.36"
::1 - - [24/Dec/2021:15:54:18 +0000] "GET /api/user/currentuser HTTP/1.1" 401 38 "http://localhost:4200/" "Mozilla/5.0 (X11; Linux x86_64) AppleWebKit/537.36 (KHTML, like Gecko) Chrome/96.0.4664.93 Safari/537.36"
::1 - - [24/Dec/2021:15:54:53 +0000] "GET /api/user/currentuser HTTP/1.1" 401 38 "http://localhost:4200/" "Mozilla/5.0 (X11; Linux x86_64) AppleWebKit/537.36 (KHTML, like Gecko) Chrome/96.0.4664.93 Safari/537.36"
::1 - - [24/Dec/2021:15:55:00 +0000] "GET /api/user/currentuser HTTP/1.1" 401 38 "http://localhost:4200/" "Mozilla/5.0 (X11; Linux x86_64) AppleWebKit/537.36 (KHTML, like Gecko) Chrome/96.0.4664.93 Safari/537.36"
::1 - - [24/Dec/2021:15:55:00 +0000] "GET /api/user/isauth HTTP/1.1" 401 38 "http://localhost:4200/" "Mozilla/5.0 (X11; Linux x86_64) AppleWebKit/537.36 (KHTML, like Gecko) Chrome/96.0.4664.93 Safari/537.36"
::1 - - [24/Dec/2021:15:55:05 +0000] "OPTIONS /api/user/login HTTP/1.1" 200 20 "http://localhost:4200/" "Mozilla/5.0 (X11; Linux x86_64) AppleWebKit/537.36 (KHTML, like Gecko) Chrome/96.0.4664.93 Safari/537.36"
::1 - - [24/Dec/2021:15:55:05 +0000] "POST /api/user/login HTTP/1.1" 200 160 "http://localhost:4200/" "Mozilla/5.0 (X11; Linux x86_64) AppleWebKit/537.36 (KHTML, like Gecko) Chrome/96.0.4664.93 Safari/537.36"
::1 - - [24/Dec/2021:15:55:05 +0000] "GET /api/user/isauth HTTP/1.1" 304 - "http://localhost:4200/" "Mozilla/5.0 (X11; Linux x86_64) AppleWebKit/537.36 (KHTML, like Gecko) Chrome/96.0.4664.93 Safari/537.36"
::1 - - [24/Dec/2021:15:55:05 +0000] "GET /api/notif HTTP/1.1" 304 - "http://localhost:4200/" "Mozilla/5.0 (X11; Linux x86_64) AppleWebKit/537.36 (KHTML, like Gecko) Chrome/96.0.4664.93 Safari/537.36"
::1 - - [24/Dec/2021:15:55:05 +0000] "GET /images/Walid_Photo_ID_1639577742040.png HTTP/1.1" 304 - "http://localhost:4200/" "Mozilla/5.0 (X11; Linux x86_64) AppleWebKit/537.36 (KHTML, like Gecko) Chrome/96.0.4664.93 Safari/537.36"
::1 - - [24/Dec/2021:15:55:05 +0000] "GET /api/post/2/0 HTTP/1.1" 304 - "http://localhost:4200/" "Mozilla/5.0 (X11; Linux x86_64) AppleWebKit/537.36 (KHTML, like Gecko) Chrome/96.0.4664.93 Safari/537.36"
::1 - - [24/Dec/2021:15:55:05 +0000] "GET /images/text5790_1639609251494.png HTTP/1.1" 304 - "http://localhost:4200/" "Mozilla/5.0 (X11; Linux x86_64) AppleWebKit/537.36 (KHTML, like Gecko) Chrome/96.0.4664.93 Safari/537.36"
::1 - - [24/Dec/2021:15:55:05 +0000] "GET /images/Capture_d%E2%80%99%C3%A9cran_2021-12-24_00-11-33_1640301119936.png HTTP/1.1" 304 - "http://localhost:4200/" "Mozilla/5.0 (X11; Linux x86_64) AppleWebKit/537.36 (KHTML, like Gecko) Chrome/96.0.4664.93 Safari/537.36"
::1 - - [24/Dec/2021:15:55:05 +0000] "GET /images/555_1639502673118.png HTTP/1.1" 304 - "http://localhost:4200/" "Mozilla/5.0 (X11; Linux x86_64) AppleWebKit/537.36 (KHTML, like Gecko) Chrome/96.0.4664.93 Safari/537.36"
::1 - - [24/Dec/2021:15:55:05 +0000] "GET /images/777777_1639502843555.png HTTP/1.1" 304 - "http://localhost:4200/" "Mozilla/5.0 (X11; Linux x86_64) AppleWebKit/537.36 (KHTML, like Gecko) Chrome/96.0.4664.93 Safari/537.36"
::1 - - [24/Dec/2021:15:55:12 +0000] "GET /api/user/logout HTTP/1.1" 304 - "http://localhost:4200/" "Mozilla/5.0 (X11; Linux x86_64) AppleWebKit/537.36 (KHTML, like Gecko) Chrome/96.0.4664.93 Safari/537.36"
::1 - - [24/Dec/2021:15:55:19 +0000] "OPTIONS /api/user/login HTTP/1.1" 200 20 "http://localhost:4200/" "Mozilla/5.0 (X11; Linux x86_64) AppleWebKit/537.36 (KHTML, like Gecko) Chrome/96.0.4664.93 Safari/537.36"
::1 - - [24/Dec/2021:15:55:19 +0000] "POST /api/user/login HTTP/1.1" 200 141 "http://localhost:4200/" "Mozilla/5.0 (X11; Linux x86_64) AppleWebKit/537.36 (KHTML, like Gecko) Chrome/96.0.4664.93 Safari/537.36"
::1 - - [24/Dec/2021:15:55:19 +0000] "GET /api/user/isauth HTTP/1.1" 304 - "http://localhost:4200/" "Mozilla/5.0 (X11; Linux x86_64) AppleWebKit/537.36 (KHTML, like Gecko) Chrome/96.0.4664.93 Safari/537.36"
::1 - - [24/Dec/2021:15:55:19 +0000] "GET /images/7787_1639501711323.png HTTP/1.1" 304 - "http://localhost:4200/" "Mozilla/5.0 (X11; Linux x86_64) AppleWebKit/537.36 (KHTML, like Gecko) Chrome/96.0.4664.93 Safari/537.36"
::1 - - [24/Dec/2021:15:55:19 +0000] "GET /api/notif HTTP/1.1" 200 162 "http://localhost:4200/" "Mozilla/5.0 (X11; Linux x86_64) AppleWebKit/537.36 (KHTML, like Gecko) Chrome/96.0.4664.93 Safari/537.36"
::1 - - [24/Dec/2021:15:55:19 +0000] "GET /api/post/2/0 HTTP/1.1" 304 - "http://localhost:4200/" "Mozilla/5.0 (X11; Linux x86_64) AppleWebKit/537.36 (KHTML, like Gecko) Chrome/96.0.4664.93 Safari/537.36"
::1 - - [24/Dec/2021:15:55:19 +0000] "GET /images/text5790_1639609251494.png HTTP/1.1" 304 - "http://localhost:4200/" "Mozilla/5.0 (X11; Linux x86_64) AppleWebKit/537.36 (KHTML, like Gecko) Chrome/96.0.4664.93 Safari/537.36"
::1 - - [24/Dec/2021:15:55:19 +0000] "GET /images/Capture_d%E2%80%99%C3%A9cran_2021-12-24_00-11-33_1640301119936.png HTTP/1.1" 304 - "http://localhost:4200/" "Mozilla/5.0 (X11; Linux x86_64) AppleWebKit/537.36 (KHTML, like Gecko) Chrome/96.0.4664.93 Safari/537.36"
::1 - - [24/Dec/2021:15:55:19 +0000] "GET /images/555_1639502673118.png HTTP/1.1" 304 - "http://localhost:4200/" "Mozilla/5.0 (X11; Linux x86_64) AppleWebKit/537.36 (KHTML, like Gecko) Chrome/96.0.4664.93 Safari/537.36"
::1 - - [24/Dec/2021:15:55:19 +0000] "GET /images/777777_1639502843555.png HTTP/1.1" 304 - "http://localhost:4200/" "Mozilla/5.0 (X11; Linux x86_64) AppleWebKit/537.36 (KHTML, like Gecko) Chrome/96.0.4664.93 Safari/537.36"
::1 - - [24/Dec/2021:16:00:16 +0000] "GET /api/user/isauth HTTP/1.1" 304 - "http://localhost:4200/" "Mozilla/5.0 (X11; Linux x86_64) AppleWebKit/537.36 (KHTML, like Gecko) Chrome/96.0.4664.93 Safari/537.36"
::1 - - [24/Dec/2021:16:00:16 +0000] "GET /api/user/currentuser HTTP/1.1" 200 110 "http://localhost:4200/" "Mozilla/5.0 (X11; Linux x86_64) AppleWebKit/537.36 (KHTML, like Gecko) Chrome/96.0.4664.93 Safari/537.36"
::1 - - [24/Dec/2021:16:00:16 +0000] "GET /api/post/2/0 HTTP/1.1" 304 - "http://localhost:4200/" "Mozilla/5.0 (X11; Linux x86_64) AppleWebKit/537.36 (KHTML, like Gecko) Chrome/96.0.4664.93 Safari/537.36"
::1 - - [24/Dec/2021:16:00:16 +0000] "GET /api/notif HTTP/1.1" 304 - "http://localhost:4200/" "Mozilla/5.0 (X11; Linux x86_64) AppleWebKit/537.36 (KHTML, like Gecko) Chrome/96.0.4664.93 Safari/537.36"
::1 - - [24/Dec/2021:16:00:16 +0000] "GET /images/text5790_1639609251494.png HTTP/1.1" 304 - "http://localhost:4200/" "Mozilla/5.0 (X11; Linux x86_64) AppleWebKit/537.36 (KHTML, like Gecko) Chrome/96.0.4664.93 Safari/537.36"
::1 - - [24/Dec/2021:16:00:16 +0000] "GET /images/7787_1639501711323.png HTTP/1.1" 304 - "http://localhost:4200/" "Mozilla/5.0 (X11; Linux x86_64) AppleWebKit/537.36 (KHTML, like Gecko) Chrome/96.0.4664.93 Safari/537.36"
::1 - - [24/Dec/2021:16:00:16 +0000] "GET /images/Capture_d%E2%80%99%C3%A9cran_2021-12-24_00-11-33_1640301119936.png HTTP/1.1" 304 - "http://localhost:4200/" "Mozilla/5.0 (X11; Linux x86_64) AppleWebKit/537.36 (KHTML, like Gecko) Chrome/96.0.4664.93 Safari/537.36"
::1 - - [24/Dec/2021:16:00:16 +0000] "GET /images/555_1639502673118.png HTTP/1.1" 304 - "http://localhost:4200/" "Mozilla/5.0 (X11; Linux x86_64) AppleWebKit/537.36 (KHTML, like Gecko) Chrome/96.0.4664.93 Safari/537.36"
::1 - - [24/Dec/2021:16:00:16 +0000] "GET /images/777777_1639502843555.png HTTP/1.1" 304 - "http://localhost:4200/" "Mozilla/5.0 (X11; Linux x86_64) AppleWebKit/537.36 (KHTML, like Gecko) Chrome/96.0.4664.93 Safari/537.36"
::1 - - [24/Dec/2021:16:00:19 +0000] "GET /api/user/logout HTTP/1.1" 304 - "http://localhost:4200/" "Mozilla/5.0 (X11; Linux x86_64) AppleWebKit/537.36 (KHTML, like Gecko) Chrome/96.0.4664.93 Safari/537.36"
::1 - - [24/Dec/2021:16:00:24 +0000] "GET /api/user/currentuser HTTP/1.1" 401 38 "http://localhost:4200/" "Mozilla/5.0 (X11; Linux x86_64) AppleWebKit/537.36 (KHTML, like Gecko) Chrome/96.0.4664.93 Safari/537.36"
::1 - - [24/Dec/2021:16:00:30 +0000] "OPTIONS /api/user/login HTTP/1.1" 200 20 "http://localhost:4200/" "Mozilla/5.0 (X11; Linux x86_64) AppleWebKit/537.36 (KHTML, like Gecko) Chrome/96.0.4664.93 Safari/537.36"
::1 - - [24/Dec/2021:16:00:30 +0000] "POST /api/user/login HTTP/1.1" 200 143 "http://localhost:4200/" "Mozilla/5.0 (X11; Linux x86_64) AppleWebKit/537.36 (KHTML, like Gecko) Chrome/96.0.4664.93 Safari/537.36"
::1 - - [24/Dec/2021:16:00:30 +0000] "GET /api/user/isauth HTTP/1.1" 304 - "http://localhost:4200/" "Mozilla/5.0 (X11; Linux x86_64) AppleWebKit/537.36 (KHTML, like Gecko) Chrome/96.0.4664.93 Safari/537.36"
::1 - - [24/Dec/2021:16:00:30 +0000] "GET /api/notif HTTP/1.1" 200 20 "http://localhost:4200/" "Mozilla/5.0 (X11; Linux x86_64) AppleWebKit/537.36 (KHTML, like Gecko) Chrome/96.0.4664.93 Safari/537.36"
::1 - - [24/Dec/2021:16:00:30 +0000] "GET /images/888_1639501599053.png HTTP/1.1" 304 - "http://localhost:4200/" "Mozilla/5.0 (X11; Linux x86_64) AppleWebKit/537.36 (KHTML, like Gecko) Chrome/96.0.4664.93 Safari/537.36"
::1 - - [24/Dec/2021:16:00:30 +0000] "GET /api/post/2/0 HTTP/1.1" 304 - "http://localhost:4200/" "Mozilla/5.0 (X11; Linux x86_64) AppleWebKit/537.36 (KHTML, like Gecko) Chrome/96.0.4664.93 Safari/537.36"
::1 - - [24/Dec/2021:16:00:30 +0000] "GET /images/text5790_1639609251494.png HTTP/1.1" 304 - "http://localhost:4200/" "Mozilla/5.0 (X11; Linux x86_64) AppleWebKit/537.36 (KHTML, like Gecko) Chrome/96.0.4664.93 Safari/537.36"
::1 - - [24/Dec/2021:16:00:30 +0000] "GET /images/Capture_d%E2%80%99%C3%A9cran_2021-12-24_00-11-33_1640301119936.png HTTP/1.1" 304 - "http://localhost:4200/" "Mozilla/5.0 (X11; Linux x86_64) AppleWebKit/537.36 (KHTML, like Gecko) Chrome/96.0.4664.93 Safari/537.36"
::1 - - [24/Dec/2021:16:00:30 +0000] "GET /images/555_1639502673118.png HTTP/1.1" 304 - "http://localhost:4200/" "Mozilla/5.0 (X11; Linux x86_64) AppleWebKit/537.36 (KHTML, like Gecko) Chrome/96.0.4664.93 Safari/537.36"
::1 - - [24/Dec/2021:16:00:30 +0000] "GET /images/777777_1639502843555.png HTTP/1.1" 304 - "http://localhost:4200/" "Mozilla/5.0 (X11; Linux x86_64) AppleWebKit/537.36 (KHTML, like Gecko) Chrome/96.0.4664.93 Safari/537.36"
::1 - - [24/Dec/2021:16:01:22 +0000] "GET /api/user/isauth HTTP/1.1" 304 - "http://localhost:4200/" "Mozilla/5.0 (X11; Linux x86_64) AppleWebKit/537.36 (KHTML, like Gecko) Chrome/96.0.4664.93 Safari/537.36"
::1 - - [24/Dec/2021:16:01:22 +0000] "GET /api/user HTTP/1.1" 304 - "http://localhost:4200/" "Mozilla/5.0 (X11; Linux x86_64) AppleWebKit/537.36 (KHTML, like Gecko) Chrome/96.0.4664.93 Safari/537.36"
::1 - - [24/Dec/2021:16:01:22 +0000] "GET /images/222_1639502195404.png HTTP/1.1" 304 - "http://localhost:4200/" "Mozilla/5.0 (X11; Linux x86_64) AppleWebKit/537.36 (KHTML, like Gecko) Chrome/96.0.4664.93 Safari/537.36"
::1 - - [24/Dec/2021:16:01:22 +0000] "GET /images/666_1639502127011.png HTTP/1.1" 304 - "http://localhost:4200/" "Mozilla/5.0 (X11; Linux x86_64) AppleWebKit/537.36 (KHTML, like Gecko) Chrome/96.0.4664.93 Safari/537.36"
::1 - - [24/Dec/2021:16:01:22 +0000] "GET /images/Walid_Photo_ID_1639577742040.png HTTP/1.1" 304 - "http://localhost:4200/" "Mozilla/5.0 (X11; Linux x86_64) AppleWebKit/537.36 (KHTML, like Gecko) Chrome/96.0.4664.93 Safari/537.36"
::1 - - [24/Dec/2021:16:01:22 +0000] "GET /images/444_1639502057674.png HTTP/1.1" 304 - "http://localhost:4200/" "Mozilla/5.0 (X11; Linux x86_64) AppleWebKit/537.36 (KHTML, like Gecko) Chrome/96.0.4664.93 Safari/537.36"
::1 - - [24/Dec/2021:16:01:22 +0000] "GET /images/Capture_d%E2%80%99%C3%A9cran_2021-12-14_21-42-17_1639514553515.png HTTP/1.1" 304 - "http://localhost:4200/" "Mozilla/5.0 (X11; Linux x86_64) AppleWebKit/537.36 (KHTML, like Gecko) Chrome/96.0.4664.93 Safari/537.36"
::1 - - [24/Dec/2021:16:01:22 +0000] "GET /images/7787_1639501711323.png HTTP/1.1" 304 - "http://localhost:4200/" "Mozilla/5.0 (X11; Linux x86_64) AppleWebKit/537.36 (KHTML, like Gecko) Chrome/96.0.4664.93 Safari/537.36"
